WARN - My fourth message.
ERROR - My fifth message.
FATAL - My sixth message.
WARN - My fourth message.
ERROR - My fifth message.
FATAL - My sixth message.
WARN - My fourth message.
ERROR - My fifth message.
FATAL - My sixth message.
WARN - My fourth message.
ERROR - My fifth message.
FATAL - My sixth message.
WARN - My fourth message.
ERROR - My fifth message.
FATAL - My sixth message.
WARN - My fourth message.
ERROR - My fifth message.
FATAL - My sixth message.
WARN - My fourth message.
ERROR - My fifth message.
FATAL - My sixth message.
WARN - My fourth message.
ERROR - My fifth message.
FATAL - My sixth message.
WARN - My fourth message.
ERROR - My fifth message.
FATAL - My sixth message.
WARN - My fourth message.
ERROR - My fifth message.
FATAL - My sixth message.
WARN - My fourth message.
ERROR - My fifth message.
FATAL - My sixth message.
WARN - My fourth message.
ERROR - My fifth message.
FATAL - My sixth message.
WARN - My fourth message.
ERROR - My fifth message.
FATAL - My sixth message.
WARN - My fourth message.
ERROR - My fifth message.
FATAL - My sixth message.
2017-09-26 14:58:10.745 separator      DEBUG    [                ] 1) DefaultLogger<br />
2017-09-26 14:58:10.749 DefaultLogger  WARN     [                ] warn1<br />
2017-09-26 14:58:10.749 DefaultLogger  ERROR    [                ] error1<br />
2017-09-26 14:58:10.749 DefaultLogger  FATAL    [                ] fatal1<br />
2017-09-26 14:58:10.750 separator      DEBUG    [                ] ==========<br />
2017-09-26 14:58:10.750 separator      DEBUG    [                ] 2) DebugLogger<br />
2017-09-26 14:58:10.751 DebugLogger    DEBUG    [                ] debug2<br />
2017-09-26 14:58:10.751 DebugLogger    INFO     [                ] info2<br />
2017-09-26 14:58:10.751 DebugLogger    WARN     [                ] warn2<br />
2017-09-26 14:58:10.752 DebugLogger    ERROR    [                ] error2<br />
2017-09-26 14:58:10.752 DebugLogger    FATAL    [                ] fatal2<br />
2017-09-26 14:58:10.752 separator      DEBUG    [                ] ==========<br />
2017-09-26 14:58:10.753 separator      DEBUG    [                ] 3) DefaultLogger (TRACE)<br />
2017-09-26 14:58:10.753 DefaultLogger  TRACE    [                ] trace3<br />
2017-09-26 14:58:10.753 DefaultLogger  DEBUG    [                ] debug3<br />
2017-09-26 14:58:10.754 DefaultLogger  INFO     [                ] info3<br />
2017-09-26 14:58:10.754 DefaultLogger  WARN     [                ] warn3<br />
2017-09-26 14:58:10.755 DefaultLogger  ERROR    [                ] error3<br />
2017-09-26 14:58:10.755 DefaultLogger  FATAL    [                ] fatal3<br />
2017-09-26 14:58:10.755 separator      DEBUG    [                ] ==========<br />
2017-09-26 14:58:10.756 separator      DEBUG    [                ] 4) DebugLogger (TRACE)<br />
2017-09-26 14:58:10.756 DebugLogger    TRACE    [                ] trace4<br />
2017-09-26 14:58:10.756 DebugLogger    DEBUG    [                ] debug4<br />
2017-09-26 14:58:10.757 DebugLogger    INFO     [                ] info4<br />
2017-09-26 14:58:10.757 DebugLogger    WARN     [                ] warn4<br />
2017-09-26 14:58:10.758 DebugLogger    ERROR    [                ] error4<br />
2017-09-26 14:58:10.758 DebugLogger    FATAL    [                ] fatal4<br />
2017-09-26 14:58:10.758 separator      DEBUG    [                ] ==========<br />
2017-09-26 14:58:10.759 separator      DEBUG    [                ] 5) DefaultLogger (FATAL)<br />
2017-09-26 14:58:10.759 DefaultLogger  FATAL    [                ] fatal5<br />
2017-09-26 14:58:10.760 separator      DEBUG    [                ] ==========<br />
2017-09-26 14:58:10.760 separator      DEBUG    [                ] 6) DebugLogger (FATAL)<br />
2017-09-26 14:58:10.761 DebugLogger    FATAL    [                ] fatal6<br />
2017-09-26 14:58:10.761 separator      DEBUG    [                ] ==========<br />
2017-09-26 14:58:20.733 separator      DEBUG    [                ] 1) DefaultLogger<br />
2017-09-26 14:58:20.738 DefaultLogger  WARN     [                ] warn1<br />
2017-09-26 14:58:20.739 DefaultLogger  ERROR    [                ] error1<br />
2017-09-26 14:58:20.739 DefaultLogger  FATAL    [                ] fatal1<br />
2017-09-26 14:58:20.739 separator      DEBUG    [                ] ==========<br />
2017-09-26 14:58:20.740 separator      DEBUG    [                ] 2) DebugLogger<br />
2017-09-26 14:58:20.740 DebugLogger    DEBUG    [                ] debug2<br />
2017-09-26 14:58:20.741 DebugLogger    INFO     [                ] info2<br />
2017-09-26 14:58:20.741 DebugLogger    WARN     [                ] warn2<br />
2017-09-26 14:58:20.741 DebugLogger    ERROR    [                ] error2<br />
2017-09-26 14:58:20.742 DebugLogger    FATAL    [                ] fatal2<br />
2017-09-26 14:58:20.742 separator      DEBUG    [                ] ==========<br />
2017-09-26 14:58:20.743 separator      DEBUG    [                ] 3) DefaultLogger (TRACE)<br />
2017-09-26 14:58:20.743 DefaultLogger  TRACE    [                ] trace3<br />
2017-09-26 14:58:20.743 DefaultLogger  DEBUG    [                ] debug3<br />
2017-09-26 14:58:20.744 DefaultLogger  INFO     [                ] info3<br />
2017-09-26 14:58:20.744 DefaultLogger  WARN     [                ] warn3<br />
2017-09-26 14:58:20.745 DefaultLogger  ERROR    [                ] error3<br />
2017-09-26 14:58:20.745 DefaultLogger  FATAL    [                ] fatal3<br />
2017-09-26 14:58:20.745 separator      DEBUG    [                ] ==========<br />
2017-09-26 14:58:20.746 separator      DEBUG    [                ] 4) DebugLogger (TRACE)<br />
2017-09-26 14:58:20.746 DebugLogger    TRACE    [                ] trace4<br />
2017-09-26 14:58:20.746 DebugLogger    DEBUG    [                ] debug4<br />
2017-09-26 14:58:20.747 DebugLogger    INFO     [                ] info4<br />
2017-09-26 14:58:20.747 DebugLogger    WARN     [                ] warn4<br />
2017-09-26 14:58:20.748 DebugLogger    ERROR    [                ] error4<br />
2017-09-26 14:58:20.748 DebugLogger    FATAL    [                ] fatal4<br />
2017-09-26 14:58:20.748 separator      DEBUG    [                ] ==========<br />
2017-09-26 14:58:20.749 separator      DEBUG    [                ] 5) DefaultLogger (FATAL)<br />
2017-09-26 14:58:20.749 DefaultLogger  FATAL    [                ] fatal5<br />
2017-09-26 14:58:20.750 separator      DEBUG    [                ] ==========<br />
2017-09-26 14:58:20.750 separator      DEBUG    [                ] 6) DebugLogger (FATAL)<br />
2017-09-26 14:58:20.750 DebugLogger    FATAL    [                ] fatal6<br />
2017-09-26 14:58:20.751 separator      DEBUG    [                ] ==========<br />
2017-09-26 15:00:55.489 separator      DEBUG    1) DefaultLogger<br />
2017-09-26 15:00:55.491 DefaultLogger  WARN     warn1<br />
2017-09-26 15:00:55.491 DefaultLogger  ERROR    error1<br />
2017-09-26 15:00:55.492 DefaultLogger  FATAL    fatal1<br />
2017-09-26 15:00:55.492 separator      DEBUG    ==========<br />
2017-09-26 15:00:55.493 separator      DEBUG    2) DebugLogger<br />
2017-09-26 15:00:55.493 DebugLogger    DEBUG    debug2<br />
2017-09-26 15:00:55.493 DebugLogger    INFO     info2<br />
2017-09-26 15:00:55.494 DebugLogger    WARN     warn2<br />
2017-09-26 15:00:55.494 DebugLogger    ERROR    error2<br />
2017-09-26 15:00:55.495 DebugLogger    FATAL    fatal2<br />
2017-09-26 15:00:55.495 separator      DEBUG    ==========<br />
2017-09-26 15:00:55.496 separator      DEBUG    3) DefaultLogger (TRACE)<br />
2017-09-26 15:00:55.496 DefaultLogger  TRACE    trace3<br />
2017-09-26 15:00:55.496 DefaultLogger  DEBUG    debug3<br />
2017-09-26 15:00:55.497 DefaultLogger  INFO     info3<br />
2017-09-26 15:00:55.497 DefaultLogger  WARN     warn3<br />
2017-09-26 15:00:55.497 DefaultLogger  ERROR    error3<br />
2017-09-26 15:00:55.498 DefaultLogger  FATAL    fatal3<br />
2017-09-26 15:00:55.498 separator      DEBUG    ==========<br />
2017-09-26 15:00:55.498 separator      DEBUG    4) DebugLogger (TRACE)<br />
2017-09-26 15:00:55.499 DebugLogger    TRACE    trace4<br />
2017-09-26 15:00:55.499 DebugLogger    DEBUG    debug4<br />
2017-09-26 15:00:55.500 DebugLogger    INFO     info4<br />
2017-09-26 15:00:55.500 DebugLogger    WARN     warn4<br />
2017-09-26 15:00:55.501 DebugLogger    ERROR    error4<br />
2017-09-26 15:00:55.501 DebugLogger    FATAL    fatal4<br />
2017-09-26 15:00:55.501 separator      DEBUG    ==========<br />
2017-09-26 15:00:55.502 separator      DEBUG    5) DefaultLogger (FATAL)<br />
2017-09-26 15:00:55.503 DefaultLogger  FATAL    fatal5<br />
2017-09-26 15:00:55.504 separator      DEBUG    ==========<br />
2017-09-26 15:00:55.504 separator      DEBUG    6) DebugLogger (FATAL)<br />
2017-09-26 15:00:55.504 DebugLogger    FATAL    fatal6<br />
2017-09-26 15:00:55.505 separator      DEBUG    ==========<br />
2017-09-26 15:07:28.525 DEBUG    1) DefaultLogger<br />
2017-09-26 15:07:28.527 WARN     warn1<br />
2017-09-26 15:07:28.527 ERROR    error1<br />
2017-09-26 15:07:28.527 FATAL    fatal1<br />
2017-09-26 15:07:28.528 DEBUG    ==========<br />
2017-09-26 15:07:28.528 DEBUG    2) DebugLogger<br />
2017-09-26 15:07:28.529 DEBUG    debug2<br />
2017-09-26 15:07:28.529 INFO     info2<br />
2017-09-26 15:07:28.529 WARN     warn2<br />
2017-09-26 15:07:28.530 ERROR    error2<br />
2017-09-26 15:07:28.530 FATAL    fatal2<br />
2017-09-26 15:07:28.531 DEBUG    ==========<br />
2017-09-26 15:07:28.531 DEBUG    3) DefaultLogger (TRACE)<br />
2017-09-26 15:07:28.531 TRACE    trace3<br />
2017-09-26 15:07:28.532 DEBUG    debug3<br />
2017-09-26 15:07:28.532 INFO     info3<br />
2017-09-26 15:07:28.532 WARN     warn3<br />
2017-09-26 15:07:28.533 ERROR    error3<br />
2017-09-26 15:07:28.533 FATAL    fatal3<br />
2017-09-26 15:07:28.534 DEBUG    ==========<br />
2017-09-26 15:07:28.534 DEBUG    4) DebugLogger (TRACE)<br />
2017-09-26 15:07:28.535 TRACE    trace4<br />
2017-09-26 15:07:28.535 DEBUG    debug4<br />
2017-09-26 15:07:28.535 INFO     info4<br />
2017-09-26 15:07:28.536 WARN     warn4<br />
2017-09-26 15:07:28.536 ERROR    error4<br />
2017-09-26 15:07:28.537 FATAL    fatal4<br />
2017-09-26 15:07:28.537 DEBUG    ==========<br />
2017-09-26 15:07:28.537 DEBUG    5) DefaultLogger (FATAL)<br />
2017-09-26 15:07:28.538 FATAL    fatal5<br />
2017-09-26 15:07:28.538 DEBUG    ==========<br />
2017-09-26 15:07:28.538 DEBUG    6) DebugLogger (FATAL)<br />
2017-09-26 15:07:28.539 FATAL    fatal6<br />
2017-09-26 15:07:28.539 DEBUG    ==========<br />
2017-09-26 15:07:57.580[DEBUG   ] 1) DefaultLogger<br />
2017-09-26 15:07:57.582[WARN    ] warn1<br />
2017-09-26 15:07:57.582[ERROR   ] error1<br />
2017-09-26 15:07:57.583[FATAL   ] fatal1<br />
2017-09-26 15:07:57.583[DEBUG   ] ==========<br />
2017-09-26 15:07:57.584[DEBUG   ] 2) DebugLogger<br />
2017-09-26 15:07:57.584[DEBUG   ] debug2<br />
2017-09-26 15:07:57.584[INFO    ] info2<br />
2017-09-26 15:07:57.585[WARN    ] warn2<br />
2017-09-26 15:07:57.585[ERROR   ] error2<br />
2017-09-26 15:07:57.586[FATAL   ] fatal2<br />
2017-09-26 15:07:57.586[DEBUG   ] ==========<br />
2017-09-26 15:07:57.586[DEBUG   ] 3) DefaultLogger (TRACE)<br />
2017-09-26 15:07:57.587[TRACE   ] trace3<br />
2017-09-26 15:07:57.587[DEBUG   ] debug3<br />
2017-09-26 15:07:57.587[INFO    ] info3<br />
2017-09-26 15:07:57.588[WARN    ] warn3<br />
2017-09-26 15:07:57.588[ERROR   ] error3<br />
2017-09-26 15:07:57.589[FATAL   ] fatal3<br />
2017-09-26 15:07:57.589[DEBUG   ] ==========<br />
2017-09-26 15:07:57.589[DEBUG   ] 4) DebugLogger (TRACE)<br />
2017-09-26 15:07:57.590[TRACE   ] trace4<br />
2017-09-26 15:07:57.591[DEBUG   ] debug4<br />
2017-09-26 15:07:57.592[INFO    ] info4<br />
2017-09-26 15:07:57.593[WARN    ] warn4<br />
2017-09-26 15:07:57.594[ERROR   ] error4<br />
2017-09-26 15:07:57.594[FATAL   ] fatal4<br />
2017-09-26 15:07:57.594[DEBUG   ] ==========<br />
2017-09-26 15:07:57.595[DEBUG   ] 5) DefaultLogger (FATAL)<br />
2017-09-26 15:07:57.595[FATAL   ] fatal5<br />
2017-09-26 15:07:57.596[DEBUG   ] ==========<br />
2017-09-26 15:07:57.596[DEBUG   ] 6) DebugLogger (FATAL)<br />
2017-09-26 15:07:57.596[FATAL   ] fatal6<br />
2017-09-26 15:07:57.597[DEBUG   ] ==========<br />
2017-09-26 15:08:29.890[DEBUG] 1) DefaultLogger<br />
2017-09-26 15:08:29.892[WARN] warn1<br />
2017-09-26 15:08:29.893[ERROR] error1<br />
2017-09-26 15:08:29.893[FATAL] fatal1<br />
2017-09-26 15:08:29.893[DEBUG] ==========<br />
2017-09-26 15:08:29.894[DEBUG] 2) DebugLogger<br />
2017-09-26 15:08:29.894[DEBUG] debug2<br />
2017-09-26 15:08:29.894[INFO] info2<br />
2017-09-26 15:08:29.894[WARN] warn2<br />
2017-09-26 15:08:29.895[ERROR] error2<br />
2017-09-26 15:08:29.895[FATAL] fatal2<br />
2017-09-26 15:08:29.895[DEBUG] ==========<br />
2017-09-26 15:08:29.896[DEBUG] 3) DefaultLogger (TRACE)<br />
2017-09-26 15:08:29.896[TRACE] trace3<br />
2017-09-26 15:08:29.896[DEBUG] debug3<br />
2017-09-26 15:08:29.897[INFO] info3<br />
2017-09-26 15:08:29.897[WARN] warn3<br />
2017-09-26 15:08:29.897[ERROR] error3<br />
2017-09-26 15:08:29.898[FATAL] fatal3<br />
2017-09-26 15:08:29.898[DEBUG] ==========<br />
2017-09-26 15:08:29.898[DEBUG] 4) DebugLogger (TRACE)<br />
2017-09-26 15:08:29.899[TRACE] trace4<br />
2017-09-26 15:08:29.899[DEBUG] debug4<br />
2017-09-26 15:08:29.900[INFO] info4<br />
2017-09-26 15:08:29.900[WARN] warn4<br />
2017-09-26 15:08:29.900[ERROR] error4<br />
2017-09-26 15:08:29.901[FATAL] fatal4<br />
2017-09-26 15:08:29.901[DEBUG] ==========<br />
2017-09-26 15:08:29.901[DEBUG] 5) DefaultLogger (FATAL)<br />
2017-09-26 15:08:29.902[FATAL] fatal5<br />
2017-09-26 15:08:29.902[DEBUG] ==========<br />
2017-09-26 15:08:29.902[DEBUG] 6) DebugLogger (FATAL)<br />
2017-09-26 15:08:29.903[FATAL] fatal6<br />
2017-09-26 15:08:29.903[DEBUG] ==========<br />
2017-09-26 15:08:42.012[DEBUG] 1) DefaultLogger<br />
2017-09-26 15:08:42.014[WARN] warn1<br />
2017-09-26 15:08:42.014[ERROR] error1<br />
2017-09-26 15:08:42.014[FATAL] fatal1<br />
2017-09-26 15:08:42.015[DEBUG] ==========<br />
2017-09-26 15:08:42.015[DEBUG] 2) DebugLogger<br />
2017-09-26 15:08:42.015[DEBUG] debug2<br />
2017-09-26 15:08:42.016[INFO] info2<br />
2017-09-26 15:08:42.016[WARN] warn2<br />
2017-09-26 15:08:42.016[ERROR] error2<br />
2017-09-26 15:08:42.017[FATAL] fatal2<br />
2017-09-26 15:08:42.017[DEBUG] ==========<br />
2017-09-26 15:08:42.018[DEBUG] 3) DefaultLogger (TRACE)<br />
2017-09-26 15:08:42.018[TRACE] trace3<br />
2017-09-26 15:08:42.019[DEBUG] debug3<br />
2017-09-26 15:08:42.019[INFO] info3<br />
2017-09-26 15:08:42.019[WARN] warn3<br />
2017-09-26 15:08:42.020[ERROR] error3<br />
2017-09-26 15:08:42.020[FATAL] fatal3<br />
2017-09-26 15:08:42.021[DEBUG] ==========<br />
2017-09-26 15:08:42.021[DEBUG] 4) DebugLogger (TRACE)<br />
2017-09-26 15:08:42.023[TRACE] trace4<br />
2017-09-26 15:08:42.024[DEBUG] debug4<br />
2017-09-26 15:08:42.024[INFO] info4<br />
2017-09-26 15:08:42.024[WARN] warn4<br />
2017-09-26 15:08:42.025[ERROR] error4<br />
2017-09-26 15:08:42.025[FATAL] fatal4<br />
2017-09-26 15:08:42.025[DEBUG] ==========<br />
2017-09-26 15:08:42.026[DEBUG] 5) DefaultLogger (FATAL)<br />
2017-09-26 15:08:42.026[FATAL] fatal5<br />
2017-09-26 15:08:42.026[DEBUG] ==========<br />
2017-09-26 15:08:42.027[DEBUG] 6) DebugLogger (FATAL)<br />
2017-09-26 15:08:42.027[FATAL] fatal6<br />
2017-09-26 15:08:42.028[DEBUG] ==========<br />
2017-09-26 15:08:59.685 [DEBUG] 1) DefaultLogger<br />
2017-09-26 15:08:59.687 [WARN] warn1<br />
2017-09-26 15:08:59.687 [ERROR] error1<br />
2017-09-26 15:08:59.688 [FATAL] fatal1<br />
2017-09-26 15:08:59.688 [DEBUG] ==========<br />
2017-09-26 15:08:59.689 [DEBUG] 2) DebugLogger<br />
2017-09-26 15:08:59.689 [DEBUG] debug2<br />
2017-09-26 15:08:59.690 [INFO] info2<br />
2017-09-26 15:08:59.691 [WARN] warn2<br />
2017-09-26 15:08:59.691 [ERROR] error2<br />
2017-09-26 15:08:59.692 [FATAL] fatal2<br />
2017-09-26 15:08:59.692 [DEBUG] ==========<br />
2017-09-26 15:08:59.693 [DEBUG] 3) DefaultLogger (TRACE)<br />
2017-09-26 15:08:59.693 [TRACE] trace3<br />
2017-09-26 15:08:59.693 [DEBUG] debug3<br />
2017-09-26 15:08:59.694 [INFO] info3<br />
2017-09-26 15:08:59.694 [WARN] warn3<br />
2017-09-26 15:08:59.695 [ERROR] error3<br />
2017-09-26 15:08:59.695 [FATAL] fatal3<br />
2017-09-26 15:08:59.695 [DEBUG] ==========<br />
2017-09-26 15:08:59.696 [DEBUG] 4) DebugLogger (TRACE)<br />
2017-09-26 15:08:59.697 [TRACE] trace4<br />
2017-09-26 15:08:59.697 [DEBUG] debug4<br />
2017-09-26 15:08:59.697 [INFO] info4<br />
2017-09-26 15:08:59.698 [WARN] warn4<br />
2017-09-26 15:08:59.698 [ERROR] error4<br />
2017-09-26 15:08:59.698 [FATAL] fatal4<br />
2017-09-26 15:08:59.699 [DEBUG] ==========<br />
2017-09-26 15:08:59.699 [DEBUG] 5) DefaultLogger (FATAL)<br />
2017-09-26 15:08:59.700 [FATAL] fatal5<br />
2017-09-26 15:08:59.700 [DEBUG] ==========<br />
2017-09-26 15:08:59.700 [DEBUG] 6) DebugLogger (FATAL)<br />
2017-09-26 15:08:59.701 [FATAL] fatal6<br />
2017-09-26 15:08:59.701 [DEBUG] ==========<br />
2017-09-26 15:12:39.076 [DEBUG] 1) DefaultLogger<br />
2017-09-26 15:12:39.078 [DEBUG] ==========<br />
2017-09-26 15:12:39.078 [DEBUG] 2) DebugLogger<br />
2017-09-26 15:12:39.078 [DEBUG] ==========<br />
2017-09-26 15:12:39.079 [DEBUG] 3) DefaultLogger (TRACE)<br />
2017-09-26 15:12:39.079 [DEBUG] ==========<br />
2017-09-26 15:12:39.079 [DEBUG] 4) DebugLogger (TRACE)<br />
2017-09-26 15:12:39.080 [DEBUG] ==========<br />
2017-09-26 15:12:39.080 [DEBUG] 5) DefaultLogger (FATAL)<br />
2017-09-26 15:12:39.080 [DEBUG] ==========<br />
2017-09-26 15:12:39.081 [DEBUG] 6) DebugLogger (FATAL)<br />
2017-09-26 15:12:39.081 [DEBUG] ==========<br />
2017-09-26 15:12:46.204 [DEBUG] 1) DefaultLogger<br />
2017-09-26 15:12:46.206 [DEBUG] ==========<br />
2017-09-26 15:12:46.207 [DEBUG] 2) DebugLogger<br />
2017-09-26 15:12:46.207 [DEBUG] ==========<br />
2017-09-26 15:12:46.207 [DEBUG] 3) DefaultLogger (TRACE)<br />
2017-09-26 15:12:46.208 [DEBUG] ==========<br />
2017-09-26 15:12:46.208 [DEBUG] 4) DebugLogger (TRACE)<br />
2017-09-26 15:12:46.208 [DEBUG] ==========<br />
2017-09-26 15:12:46.209 [DEBUG] 5) DefaultLogger (FATAL)<br />
2017-09-26 15:12:46.209 [DEBUG] ==========<br />
2017-09-26 15:12:46.209 [DEBUG] 6) DebugLogger (FATAL)<br />
2017-09-26 15:12:46.210 [DEBUG] ==========<br />
2017-09-26 15:16:45.938 [DEBUG] 1) DefaultLogger<br />
2017-09-26 15:16:45.939 [DEBUG] ==========<br />
2017-09-26 15:16:45.940 [DEBUG] 2) DebugLogger<br />
2017-09-26 15:16:45.940 [DEBUG] ==========<br />
2017-09-26 15:16:45.940 [DEBUG] 3) DefaultLogger (TRACE)<br />
2017-09-26 15:16:45.941 [DEBUG] ==========<br />
2017-09-26 15:16:45.941 [DEBUG] 4) DebugLogger (TRACE)<br />
2017-09-26 15:16:45.941 [DEBUG] ==========<br />
2017-09-26 15:16:45.942 [DEBUG] 5) DefaultLogger (FATAL)<br />
2017-09-26 15:16:45.942 [DEBUG] ==========<br />
2017-09-26 15:16:45.943 [DEBUG] 6) DebugLogger (FATAL)<br />
2017-09-26 15:16:45.943 [DEBUG] ==========<br />
2017-09-26 15:18:33.191 [DEBUG] 1) DefaultLogger<br />
2017-09-26 15:18:33.193 [DEBUG] ==========<br />
2017-09-26 15:18:49.605 [DEBUG] 1) DefaultLogger<br />
2017-09-26 15:19:06.102 [DEBUG] 1) DefaultLogger<br />
2017-09-26 15:19:06.104 [DEBUG] ==========<br />
2017-09-26 15:19:13.158 [DEBUG] 1) DefaultLogger<br />
2017-09-26 15:19:13.160 [DEBUG] ==========<br />
2017-09-26 15:19:25.256 [DEBUG] 1) DefaultLogger<br />
2017-09-26 15:20:48.588 [DEBUG] 1) DefaultLogger<br />
2017-09-26 15:20:48.590 [DEBUG] ==========<br />
2017-09-26 15:22:08.113 [INFO] 1) DefaultLogger<br />
2017-09-26 15:22:08.115 [DEBUG] ==========<br />
2017-09-26 15:23:05.273 [INFO ] 1) DefaultLogger<br />
2017-09-26 15:23:05.275 [DEBUG] ==========<br />
2017-09-26 15:26:00.173 [INFO ] 1) DefaultLogger<br />
2017-09-26 15:26:00.175 [DEBUG] ==========<br />
2017-09-26 15:31:52.079 [INFO ] 1) DefaultLogger<br />
2017-09-26 15:31:52.082 [DEBUG] ==========<br />
2017-09-26 15:40:03.582 [INFO ] 1) DefaultLogger<br />
2017-09-26 15:40:03.585 [DEBUG] ==========<br />
2017-09-26 15:40:17.404 [INFO ] 1) DefaultLogger<br />
2017-09-26 15:40:17.406 [DEBUG] ==========<br />
2017-09-26 15:40:27.977 [INFO ] 1) DefaultLogger<br />
2017-09-26 15:40:27.979 [DEBUG] ==========<br />
2017-09-26 15:41:19.074 [INFO ] 1) DefaultLogger<br />
2017-09-26 15:41:19.075 [DEBUG] ==========<br />
2017-09-26 15:41:33.520 [INFO ] 1) DefaultLogger<br />
2017-09-26 15:41:33.522 [DEBUG] ==========<br />
2017-09-26 15:41:41.965 [INFO ] 1) DefaultLogger<br />
2017-09-26 15:41:41.967 [DEBUG] ==========<br />
2017-09-26 15:42:32.714 [INFO ] 1) DefaultLogger<br />
2017-09-26 15:42:32.716 [DEBUG] ==========<br />
2017-09-26 15:49:36.229 [INFO ] 1) DefaultLogger<br />
2017-09-26 15:49:36.231 [DEBUG] ==========<br />
2017-09-26 15:49:50.369 [INFO ] 1) DefaultLogger<br />
2017-09-26 15:49:50.371 [DEBUG] ==========<br />
2017-09-26 15:52:17.420 [INFO ] 1) DefaultLogger<br />
2017-09-26 15:52:17.421 [DEBUG] ==========<br />
2017-09-26 15:52:25.019 [INFO ] 1) DefaultLogger<br />
2017-09-26 15:52:25.021 [DEBUG] ==========<br />
2017-09-26 15:53:21.700 [INFO ] 1) DefaultLogger<br />
2017-09-26 15:53:21.702 [DEBUG] ==========<br />
2017-09-26 15:59:54.809 [INFO ] 1) DefaultLogger<br />
2017-09-26 15:59:54.812 [DEBUG] ==========<br />
2017-09-26 16:00:27.644 [INFO ] 1) DefaultLogger<br />
2017-09-26 16:00:27.646 [DEBUG] ==========<br />
2017-09-26 16:00:27.646 [INFO ] <USER PARAM> datetime=2017/09 ,pagetype=next,appid=123,logid=340,reqid=234,token=qwe,
2017-09-27 11:19:18.878 [INFO ] 1) DefaultLogger<br />
2017-09-27 11:19:18.880 [DEBUG] ==========<br />
2017-09-27 11:19:21.237 [INFO ] 1) DefaultLogger<br />
2017-09-27 11:19:21.239 [DEBUG] ==========<br />
2017-09-27 11:19:23.632 [INFO ] 1) DefaultLogger<br />
2017-09-27 11:19:23.633 [DEBUG] ==========<br />
2017-09-27 11:19:27.583 [INFO ] 1) DefaultLogger<br />
2017-09-27 11:19:27.584 [DEBUG] ==========<br />
2017-09-27 12:48:18.354 [INFO ] 1) DefaultLogger<br />
2017-09-27 12:48:18.357 [DEBUG] ==========<br />
2017-09-27 12:48:19.736 [INFO ] 1) DefaultLogger<br />
2017-09-27 12:48:19.738 [DEBUG] ==========<br />
2017-09-27 12:49:15.022 [INFO ] 1) DefaultLogger<br />
2017-09-27 12:49:15.024 [DEBUG] ==========<br />
2017-09-27 12:49:45.018 [INFO ] 1) DefaultLogger<br />
2017-09-27 12:49:45.020 [DEBUG] ==========<br />
2017-09-27 12:49:53.903 [INFO ] 1) DefaultLogger<br />
2017-09-27 12:49:53.905 [DEBUG] ==========<br />
2017-09-27 12:49:53.905 [INFO ] <USER PARAM> datetime=2017/09 ,pagetype=next,appid=123,logid=340,reqid=234,token=qwe,
2017-09-27 12:49:59.111 [INFO ] 1) DefaultLogger<br />
2017-09-27 12:49:59.114 [DEBUG] ==========<br />
2017-09-27 12:50:12.210 [INFO ] 1) DefaultLogger<br />
2017-09-27 12:50:12.213 [DEBUG] ==========<br />
2017-09-27 12:50:12.213 [INFO ] <USER PARAM> datetime=2017/09 ,pagetype=next,appid=123,logid=340,reqid=234,token=qwe,
2017-09-27 12:50:38.702 [INFO ] 1) DefaultLogger<br />
2017-09-27 12:50:38.704 [DEBUG] ==========<br />
2017-09-27 12:50:38.705 [INFO ] <USER PARAM> datetime=2017/09 3,pagetype=next,appid=123,logid=340,reqid=234,token=qwe,
2017-09-27 13:06:27.016 [INFO ] 1) DefaultLogger<br />
2017-09-27 13:06:27.018 [DEBUG] ==========<br />
2017-09-27 13:06:27.018 [DEBUG] <USER PARAM> datetime=2017/09 3,pagetype=next,appid=123,logid=340,reqid=234,token=qwe,
2017-09-27 14:32:09.816 [DEBUG] <USER PARAM> datetime=2017/09 3,pagetype=next,appid=123,logid=340,reqid=234,token=qwe,
2017-09-27 14:32:13.251 [DEBUG] <USER PARAM> datetime=2017/09 3,pagetype=next,appid=123,logid=340,reqid=234,token=qwe,
2017-09-27 14:32:21.870 [DEBUG] <USER PARAM> datetime=2017/09 3,pagetype=next,appid=123,logid=340,reqid=234,token=qwe,
2017-09-27 14:33:12.958 [DEBUG] <USER PARAM> datetime=2017/09 3,pagetype=next,appid=123,logid=340,reqid=234,token=qwe,
2017-09-27 14:54:38.221 [DEBUG] <USER PARAM> datetime=2017/09 3,pagetype=next,appid=123,logid=340,reqid=234,token=qwe,
2017-09-27 14:55:31.892 [DEBUG] <USER PARAM> datetime=2017/09 3,pagetype=next,appid=123,logid=340,reqid=234,token=qwe,
2017-09-27 14:56:09.128 [DEBUG] <USER PARAM> datetime=2017/09 3,pagetype=next,appid=123,logid=340,reqid=234,token=qwe,
2017-09-27 14:56:49.762 [DEBUG] <USER PARAM> datetime=2017/09 3,pagetype=next,appid=123,logid=340,reqid=234,token=qwe,
2017-09-27 14:57:02.394 [DEBUG] <USER PARAM> datetime=2017/09 3,pagetype=next,appid=123,logid=340,reqid=234,token=qwe,
2017-09-27 14:57:25.309 [DEBUG] <USER PARAM> datetime=2017/09 3,pagetype=next,appid=123,logid=340,reqid=234,token=qwe,
2017-09-27 14:57:55.607 [DEBUG] <USER PARAM> datetime=2017/09 3,pagetype=next,appid=123,logid=340,reqid=234,token=qwe,
2017-09-27 14:58:01.332 [DEBUG] <USER PARAM> datetime=2017/09 3,pagetype=next,appid=123,logid=340,reqid=234,token=qwe,
2017-09-27 14:59:33.012 [DEBUG] <USER PARAM> datetime=2017/09 3,pagetype=next,appid=123,logid=340,reqid=234,token=qwe,
2017-09-27 14:59:33.851 [WARN ] [トークンが不正です] Internal Server Error, token=qwe
2017-09-27 14:59:46.989 [DEBUG] <USER PARAM> datetime=2017/09 3,pagetype=next,appid=123,logid=340,reqid=234,token=qwe,
2017-09-27 14:59:47.074 [WARN ] [トークンが不正です] Internal Server Error, token=qwe
2017-09-27 14:59:50.530 [DEBUG] <USER PARAM> datetime=2017/09 3,pagetype=next,appid=123,logid=340,reqid=234,token=qwe,
2017-09-27 14:59:50.608 [WARN ] [トークンが不正です] Internal Server Error, token=qwe
2017-09-27 15:02:56.941 [DEBUG] <USER PARAM> datetime=2017/09 3,pagetype=next,appid=123,logid=340,reqid=234,token=qwe,
2017-09-27 15:02:58.711 [WARN ] [トークンが不正です] Internal Server Error, token=qwe
2017-09-27 15:03:16.325 [DEBUG] <USER PARAM> datetime=2017/09 3,pagetype=next,appid=123,logid=340,reqid=234,token=eyJ0eXAiOiJKV1QiLCJhbGciOiJIUzI1NiJ9.eyJvcmdhbml6YXRpb25fbmFtZSI6IlRlc3QtT3JnYW5pemF0aW9uIiwibmFtZSI6InNha2FubyIsImVtYWlsIjoiZnVtaW5vcmkuc2FrYW5vQG5leHRyZW1lci5jb20iLCJleHBpcmVzIjoiMjAxNy0wOS0yOCAwNDoyOTo1MyBVVEMifQ.hgAkB7p46r40cFMnQhqU0jpiuJaRVnNxN0aLuLU5LLw,
2017-09-27 15:03:22.945 [DEBUG] <USER PARAM> datetime=2017/09 3,pagetype=next,appid=123,logid=340,reqid=234,token=eyJ0eXAiOiJKV1QiLCJhbGciOiJIUzI1NiJ9.eyJvcmdhbml6YXRpb25fbmFtZSI6IlRlc3QtT3JnYW5pemF0aW9uIiwibmFtZSI6InNha2FubyIsImVtYWlsIjoiZnVtaW5vcmkuc2FrYW5vQG5leHRyZW1lci5jb20iLCJleHBpcmVzIjoiMjAxNy0wOS0yOCAwNDoyOTo1MyBVVEMifQ.hgAkB7p46r40cFMnQhqU0jpiuJaRVnNxN0aLuLU5LL,
2017-09-27 15:03:23.343 [WARN ] [トークンが不正です] Internal Server Error, token=eyJ0eXAiOiJKV1QiLCJhbGciOiJIUzI1NiJ9.eyJvcmdhbml6YXRpb25fbmFtZSI6IlRlc3QtT3JnYW5pemF0aW9uIiwibmFtZSI6InNha2FubyIsImVtYWlsIjoiZnVtaW5vcmkuc2FrYW5vQG5leHRyZW1lci5jb20iLCJleHBpcmVzIjoiMjAxNy0wOS0yOCAwNDoyOTo1MyBVVEMifQ.hgAkB7p46r40cFMnQhqU0jpiuJaRVnNxN0aLuLU5LL
2017-09-27 15:03:41.926 [DEBUG] <USER PARAM> datetime=2017/09 3,pagetype=next,appid=123,logid=340,reqid=234,token=eyJ0eXAiOiJKV1QiLCJhbGciOiJIUzI1NiJ9.eyJvcmdhbml6YXRpb25fbmFtZSI6IlRlc3QtT3JnYW5pemF0aW9uIiwibmFtZSI6InNha2FubyIsImVtYWlsIjoiZnVtaW5vcmkuc2FrYW5vQG5leHRyZW1lci5jb20iLCJleHBpcmVzIjoiMjAxNy0wOS0yOCAwNDoyOTo1MyBVVEMifQ.hgAkB7p46r40cFMnQhqU0jpiuJaRVnNxN0aLuLU5LLw,
2017-09-27 15:03:45.228 [DEBUG] <USER PARAM> datetime=2017/09 3,pagetype=next,appid=123,logid=340,reqid=234,token=eyJ0eXAiOiJKV1QiLCJhbGciOiJIUzI1NiJ9.eyJvcmdhbml6YXRpb25fbmFtZSI6IlRlc3QtT3JnYW5pemF0aW9uIiwibmFtZSI6InNha2FubyIsImVtYWlsIjoiZnVtaW5vcmkuc2FrYW5vQG5leHRyZW1lci5jb20iLCJleHBpcmVzIjoiMjAxNy0wOS0yOCAwNDoyOTo1MyBVVEMifQ.hgAkB7p46r40cFMnQhqU0jpiuJaRVnNxN0aLuLU5LL,
2017-09-27 15:03:45.325 [WARN ] [トークンが不正です] Internal Server Error, token=eyJ0eXAiOiJKV1QiLCJhbGciOiJIUzI1NiJ9.eyJvcmdhbml6YXRpb25fbmFtZSI6IlRlc3QtT3JnYW5pemF0aW9uIiwibmFtZSI6InNha2FubyIsImVtYWlsIjoiZnVtaW5vcmkuc2FrYW5vQG5leHRyZW1lci5jb20iLCJleHBpcmVzIjoiMjAxNy0wOS0yOCAwNDoyOTo1MyBVVEMifQ.hgAkB7p46r40cFMnQhqU0jpiuJaRVnNxN0aLuLU5LL
2017-09-27 15:05:53.318 [DEBUG] <USER PARAM> datetime=2017/09 3,pagetype=next,appid=123,logid=340,reqid=234,token=eyJ0eXAiOiJKV1QiLCJhbGciOiJIUzI1NiJ9.eyJvcmdhbml6YXRpb25fbmFtZSI6IlRlc3QtT3JnYW5pemF0aW9uIiwibmFtZSI6InNha2FubyIsImVtYWlsIjoiZnVtaW5vcmkuc2FrYW5vQG5leHRyZW1lci5jb20iLCJleHBpcmVzIjoiMjAxNy0wOS0yOCAwNDoyOTo1MyBVVEMifQ.hgAkB7p46r40cFMnQhqU0jpiuJaRVnNxN0aLuLU5LL,
2017-09-27 15:05:56.164 [WARN ] [トークンが不正です] Internal Server Error, token=eyJ0eXAiOiJKV1QiLCJhbGciOiJIUzI1NiJ9.eyJvcmdhbml6YXRpb25fbmFtZSI6IlRlc3QtT3JnYW5pemF0aW9uIiwibmFtZSI6InNha2FubyIsImVtYWlsIjoiZnVtaW5vcmkuc2FrYW5vQG5leHRyZW1lci5jb20iLCJleHBpcmVzIjoiMjAxNy0wOS0yOCAwNDoyOTo1MyBVVEMifQ.hgAkB7p46r40cFMnQhqU0jpiuJaRVnNxN0aLuLU5LL
2017-09-27 15:06:17.718 [DEBUG] <USER PARAM> datetime=2017/09 3,pagetype=next,appid=123,logid=340,reqid=234,token=eyJ0eXAiOiJKV1QiLCJhbGciOiJIUzI1NiJ9.eyJvcmdhbml6YXRpb25fbmFtZSI6IlRlc3QtT3JnYW5pemF0aW9uIiwibmFtZSI6InNha2FubyIsImVtYWlsIjoiZnVtaW5vcmkuc2FrYW5vQG5leHRyZW1lci5jb20iLCJleHBpcmVzIjoiMjAxNy0wOS0yOCAwNDoyOTo1MyBVVEMifQ.hgAkB7p46r40cFMnQhqU0jpiuJaRVnNxN0aLuLU5LL,
2017-09-27 15:06:17.856 [WARN ] [トークンが不正です] Internal Server Error, token=eyJ0eXAiOiJKV1QiLCJhbGciOiJIUzI1NiJ9.eyJvcmdhbml6YXRpb25fbmFtZSI6IlRlc3QtT3JnYW5pemF0aW9uIiwibmFtZSI6InNha2FubyIsImVtYWlsIjoiZnVtaW5vcmkuc2FrYW5vQG5leHRyZW1lci5jb20iLCJleHBpcmVzIjoiMjAxNy0wOS0yOCAwNDoyOTo1MyBVVEMifQ.hgAkB7p46r40cFMnQhqU0jpiuJaRVnNxN0aLuLU5LL
2017-09-27 15:08:17.716 [DEBUG] <USER PARAM> datetime=2017/09 3,pagetype=next,appid=123,logid=340,reqid=234,token=eyJ0eXAiOiJKV1QiLCJhbGciOiJIUzI1NiJ9.eyJvcmdhbml6YXRpb25fbmFtZSI6IlRlc3QtT3JnYW5pemF0aW9uIiwibmFtZSI6InNha2FubyIsImVtYWlsIjoiZnVtaW5vcmkuc2FrYW5vQG5leHRyZW1lci5jb20iLCJleHBpcmVzIjoiMjAxNy0wOS0yOCAwNDoyOTo1MyBVVEMifQ.hgAkB7p46r40cFMnQhqU0jpiuJaRVnNxN0aLuLU5LL,
2017-09-27 15:08:18.678 [WARN ] [トークンが不正です] Internal Server Error, token=eyJ0eXAiOiJKV1QiLCJhbGciOiJIUzI1NiJ9.eyJvcmdhbml6YXRpb25fbmFtZSI6IlRlc3QtT3JnYW5pemF0aW9uIiwibmFtZSI6InNha2FubyIsImVtYWlsIjoiZnVtaW5vcmkuc2FrYW5vQG5leHRyZW1lci5jb20iLCJleHBpcmVzIjoiMjAxNy0wOS0yOCAwNDoyOTo1MyBVVEMifQ.hgAkB7p46r40cFMnQhqU0jpiuJaRVnNxN0aLuLU5LL
2017-09-27 15:08:23.861 [DEBUG] <USER PARAM> datetime=2017/09 3,pagetype=next,appid=123,logid=340,reqid=234,token=eyJ0eXAiOiJKV1QiLCJhbGciOiJIUzI1NiJ9.eyJvcmdhbml6YXRpb25fbmFtZSI6IlRlc3QtT3JnYW5pemF0aW9uIiwibmFtZSI6InNha2FubyIsImVtYWlsIjoiZnVtaW5vcmkuc2FrYW5vQG5leHRyZW1lci5jb20iLCJleHBpcmVzIjoiMjAxNy0wOS0yOCAwNDoyOTo1MyBVVEMifQ.hgAkB7p46r40cFMnQhqU0jpiuJaRVnNxN0aLuLU5LL,
2017-09-27 15:08:24.235 [WARN ] [トークンが不正です] Internal Server Error, token=eyJ0eXAiOiJKV1QiLCJhbGciOiJIUzI1NiJ9.eyJvcmdhbml6YXRpb25fbmFtZSI6IlRlc3QtT3JnYW5pemF0aW9uIiwibmFtZSI6InNha2FubyIsImVtYWlsIjoiZnVtaW5vcmkuc2FrYW5vQG5leHRyZW1lci5jb20iLCJleHBpcmVzIjoiMjAxNy0wOS0yOCAwNDoyOTo1MyBVVEMifQ.hgAkB7p46r40cFMnQhqU0jpiuJaRVnNxN0aLuLU5LL
2017-09-27 15:08:29.908 [DEBUG] <USER PARAM> datetime=2017/09 3,pagetype=next,appid=123,logid=340,reqid=234,token=eyJ0eXAiOiJKV1QiLCJhbGciOiJIUzI1NiJ9.eyJvcmdhbml6YXRpb25fbmFtZSI6IlRlc3QtT3JnYW5pemF0aW9uIiwibmFtZSI6InNha2FubyIsImVtYWlsIjoiZnVtaW5vcmkuc2FrYW5vQG5leHRyZW1lci5jb20iLCJleHBpcmVzIjoiMjAxNy0wOS0yOCAwNDoyOTo1MyBVVEMifQ.hgAkB7p46r40cFMnQhqU0jpiuJaRVnNxN0aLuLU5LLw,
2017-09-27 15:09:25.077 [DEBUG] <USER PARAM> datetime=2017/09 3,pagetype=next,appid=123,logid=340,reqid=234,token=eyJ0eXAiOiJKV1QiLCJhbGciOiJIUzI1NiJ9.eyJvcmdhbml6YXRpb25fbmFtZSI6IlRlc3QtT3JnYW5pemF0aW9uIiwibmFtZSI6InNha2FubyIsImVtYWlsIjoiZnVtaW5vcmkuc2FrYW5vQG5leHRyZW1lci5jb20iLCJleHBpcmVzIjoiMjAxNy0wOS0yOCAwNDoyOTo1MyBVVEMifQ.hgAkB7p46r40cFMnQhqU0jpiuJaRVnNxN0aLuLU5LLw,
2017-09-27 15:09:34.069 [DEBUG] <USER PARAM> datetime=2017/09 3,pagetype=next,appid=123,logid=340,reqid=234,token=eyJ0eXAiOiJKV1QiLCJhbGciOiJIUzI1NiJ9.eyJvcmdhbml6YXRpb25fbmFtZSI6IlRlc3QtT3JnYW5pemF0aW9uIiwibmFtZSI6InNha2FubyIsImVtYWlsIjoiZnVtaW5vcmkuc2FrYW5vQG5leHRyZW1lci5jb20iLCJleHBpcmVzIjoiMjAxNy0wOS0yOCAwNDoyOTo1MyBVVEMifQ.hgAkB7p46r40cFMnQhqU0jpiuJaRVnNxN0aLuLU5LLw,
2017-09-27 15:09:42.048 [DEBUG] <USER PARAM> datetime=2017/09 3,pagetype=next,appid=123,logid=340,reqid=234,token=eyJ0eXAiOiJKV1QiLCJhbGciOiJIUzI1NiJ9.eyJvcmdhbml6YXRpb25fbmFtZSI6IlRlc3QtT3JnYW5pemF0aW9uIiwibmFtZSI6InNha2FubyIsImVtYWlsIjoiZnVtaW5vcmkuc2FrYW5vQG5leHRyZW1lci5jb20iLCJleHBpcmVzIjoiMjAxNy0wOS0yOCAwNDoyOTo1MyBVVEMifQ.hgAkB7p46r40cFMnQhqU0jpiuJaRVnNxN0aLuLU5LL,
2017-09-27 15:09:42.491 [WARN ] [トークンが不正です] Internal Server Error, token=eyJ0eXAiOiJKV1QiLCJhbGciOiJIUzI1NiJ9.eyJvcmdhbml6YXRpb25fbmFtZSI6IlRlc3QtT3JnYW5pemF0aW9uIiwibmFtZSI6InNha2FubyIsImVtYWlsIjoiZnVtaW5vcmkuc2FrYW5vQG5leHRyZW1lci5jb20iLCJleHBpcmVzIjoiMjAxNy0wOS0yOCAwNDoyOTo1MyBVVEMifQ.hgAkB7p46r40cFMnQhqU0jpiuJaRVnNxN0aLuLU5LL
2017-09-27 15:12:12.686 [DEBUG] <USER PARAM> datetime=2017/09 3,pagetype=next,appid=123,logid=340,reqid=234,token=eyJ0eXAiOiJKV1QiLCJhbGciOiJIUzI1NiJ9.eyJvcmdhbml6YXRpb25fbmFtZSI6IlRlc3QtT3JnYW5pemF0aW9uIiwibmFtZSI6InNha2FubyIsImVtYWlsIjoiZnVtaW5vcmkuc2FrYW5vQG5leHRyZW1lci5jb20iLCJleHBpcmVzIjoiMjAxNy0wOS0yOCAwNDoyOTo1MyBVVEMifQ.hgAkB7p46r40cFMnQhqU0jpiuJaRVnNxN0aLuLU5LL,
2017-09-27 15:12:14.468 [WARN ] [トークンが不正です] Internal Server Error, token=eyJ0eXAiOiJKV1QiLCJhbGciOiJIUzI1NiJ9.eyJvcmdhbml6YXRpb25fbmFtZSI6IlRlc3QtT3JnYW5pemF0aW9uIiwibmFtZSI6InNha2FubyIsImVtYWlsIjoiZnVtaW5vcmkuc2FrYW5vQG5leHRyZW1lci5jb20iLCJleHBpcmVzIjoiMjAxNy0wOS0yOCAwNDoyOTo1MyBVVEMifQ.hgAkB7p46r40cFMnQhqU0jpiuJaRVnNxN0aLuLU5LL
2017-09-27 15:12:18.707 [DEBUG] <USER PARAM> datetime=2017/09 3,pagetype=next,appid=123,logid=340,reqid=234,token=eyJ0eXAiOiJKV1QiLCJhbGciOiJIUzI1NiJ9.eyJvcmdhbml6YXRpb25fbmFtZSI6IlRlc3QtT3JnYW5pemF0aW9uIiwibmFtZSI6InNha2FubyIsImVtYWlsIjoiZnVtaW5vcmkuc2FrYW5vQG5leHRyZW1lci5jb20iLCJleHBpcmVzIjoiMjAxNy0wOS0yOCAwNDoyOTo1MyBVVEMifQ.hgAkB7p46r40cFMnQhqU0jpiuJaRVnNxN0aLuLU5LLw,
2017-09-27 15:26:51.078 [DEBUG] <USER PARAM> datetime=2017/09 3,pagetype=next,appid=123,logid=340,reqid=234,token=eyJ0eXAiOiJKV1QiLCJhbGciOiJIUzI1NiJ9.eyJvcmdhbml6YXRpb25fbmFtZSI6IlRlc3QtT3JnYW5pemF0aW9uIiwibmFtZSI6InNha2FubyIsImVtYWlsIjoiZnVtaW5vcmkuc2FrYW5vQG5leHRyZW1lci5jb20iLCJleHBpcmVzIjoiMjAxNy0wOS0yOCAwNDoyOTo1MyBVVEMifQ.hgAkB7p46r40cFMnQhqU0jpiuJaRVnNxN0aLuLU5LLw,
2017-09-27 15:26:55.200 [DEBUG] <USER PARAM> datetime=2017/09 3,pagetype=next,appid=123,logid=340,reqid=234,token=eyJ0eXAiOiJKV1QiLCJhbGciOiJIUzI1NiJ9.eyJvcmdhbml6YXRpb25fbmFtZSI6IlRlc3QtT3JnYW5pemF0aW9uIiwibmFtZSI6InNha2FubyIsImVtYWlsIjoiZnVtaW5vcmkuc2FrYW5vQG5leHRyZW1lci5jb20iLCJleHBpcmVzIjoiMjAxNy0wOS0yOCAwNDoyOTo1MyBVVEMifQ.hgAkB7p46r40cFMnQhqU0jpiuJaRVnNxN0aLuLU5LLw,
2017-09-27 15:27:36.971 [DEBUG] <USER PARAM> datetime=2017/09 3,pagetype=next,appid=123,logid=340,reqid=234,token=eyJ0eXAiOiJKV1QiLCJhbGciOiJIUzI1NiJ9.eyJvcmdhbml6YXRpb25fbmFtZSI6IlRlc3QtT3JnYW5pemF0aW9uIiwibmFtZSI6InNha2FubyIsImVtYWlsIjoiZnVtaW5vcmkuc2FrYW5vQG5leHRyZW1lci5jb20iLCJleHBpcmVzIjoiMjAxNy0wOS0yOCAwNDoyOTo1MyBVVEMifQ.hgAkB7p46r40cFMnQhqU0jpiuJaRVnNxN0aLuLU5LLw,
2017-09-27 15:27:40.945 [DEBUG] <USER PARAM> datetime=2017/09 3,pagetype=next,appid=123,logid=340,reqid=234,token=eyJ0eXAiOiJKV1QiLCJhbGciOiJIUzI1NiJ9.eyJvcmdhbml6YXRpb25fbmFtZSI6IlRlc3QtT3JnYW5pemF0aW9uIiwibmFtZSI6InNha2FubyIsImVtYWlsIjoiZnVtaW5vcmkuc2FrYW5vQG5leHRyZW1lci5jb20iLCJleHBpcmVzIjoiMjAxNy0wOS0yOCAwNDoyOTo1MyBVVEMifQ.hgAkB7p46r40cFMnQhqU0jpiuJaRVnNxN0aLuLU5LLw,
2017-09-27 15:28:31.586 [DEBUG] <USER PARAM> datetime=2017/09 3,pagetype=next,appid=123,logid=340,reqid=234,token=eyJ0eXAiOiJKV1QiLCJhbGciOiJIUzI1NiJ9.eyJvcmdhbml6YXRpb25fbmFtZSI6IlRlc3QtT3JnYW5pemF0aW9uIiwibmFtZSI6InNha2FubyIsImVtYWlsIjoiZnVtaW5vcmkuc2FrYW5vQG5leHRyZW1lci5jb20iLCJleHBpcmVzIjoiMjAxNy0wOS0yOCAwNDoyOTo1MyBVVEMifQ.hgAkB7p46r40cFMnQhqU0jpiuJaRVnNxN0aLuLU5LLw,
2017-09-27 15:29:48.021 [DEBUG] <USER PARAM> datetime=2017/09 3,pagetype=next,appid=123,logid=340,reqid=234,token=eyJ0eXAiOiJKV1QiLCJhbGciOiJIUzI1NiJ9.eyJvcmdhbml6YXRpb25fbmFtZSI6IlRlc3QtT3JnYW5pemF0aW9uIiwibmFtZSI6InNha2FubyIsImVtYWlsIjoiZnVtaW5vcmkuc2FrYW5vQG5leHRyZW1lci5jb20iLCJleHBpcmVzIjoiMjAxNy0wOS0yOCAwNDoyOTo1MyBVVEMifQ.hgAkB7p46r40cFMnQhqU0jpiuJaRVnNxN0aLuLU5LLw,
2017-09-27 15:30:04.380 [DEBUG] <USER PARAM> datetime=2017/09 3,pagetype=next,appid=123,logid=340,reqid=234,token=eyJ0eXAiOiJKV1QiLCJhbGciOiJIUzI1NiJ9.eyJvcmdhbml6YXRpb25fbmFtZSI6IlRlc3QtT3JnYW5pemF0aW9uIiwibmFtZSI6InNha2FubyIsImVtYWlsIjoiZnVtaW5vcmkuc2FrYW5vQG5leHRyZW1lci5jb20iLCJleHBpcmVzIjoiMjAxNy0wOS0yOCAwNDoyOTo1MyBVVEMifQ.hgAkB7p46r40cFMnQhqU0jpiuJaRVnNxN0aLuLU5LLw,
2017-09-27 15:31:56.584 [DEBUG] <USER PARAM> datetime=2017/09 3,pagetype=next,appid=123,logid=340,reqid=234,token=eyJ0eXAiOiJKV1QiLCJhbGciOiJIUzI1NiJ9.eyJvcmdhbml6YXRpb25fbmFtZSI6IlRlc3QtT3JnYW5pemF0aW9uIiwibmFtZSI6InNha2FubyIsImVtYWlsIjoiZnVtaW5vcmkuc2FrYW5vQG5leHRyZW1lci5jb20iLCJleHBpcmVzIjoiMjAxNy0wOS0yOCAwNDoyOTo1MyBVVEMifQ.hgAkB7p46r40cFMnQhqU0jpiuJaRVnNxN0aLuLU5LLw,
2017-09-27 15:32:19.851 [DEBUG] <USER PARAM> datetime=2017/09 3,pagetype=next,appid=123,logid=340,reqid=234,token=eyJ0eXAiOiJKV1QiLCJhbGciOiJIUzI1NiJ9.eyJvcmdhbml6YXRpb25fbmFtZSI6IlRlc3QtT3JnYW5pemF0aW9uIiwibmFtZSI6InNha2FubyIsImVtYWlsIjoiZnVtaW5vcmkuc2FrYW5vQG5leHRyZW1lci5jb20iLCJleHBpcmVzIjoiMjAxNy0wOS0yOCAwNDoyOTo1MyBVVEMifQ.hgAkB7p46r40cFMnQhqU0jpiuJaRVnNxN0aLuLU5LLw,
2017-09-27 15:32:33.323 [DEBUG] <USER PARAM> datetime=2017/09 3,pagetype=next,appid=123,logid=340,reqid=234,token=eyJ0eXAiOiJKV1QiLCJhbGciOiJIUzI1NiJ9.eyJvcmdhbml6YXRpb25fbmFtZSI6IlRlc3QtT3JnYW5pemF0aW9uIiwibmFtZSI6InNha2FubyIsImVtYWlsIjoiZnVtaW5vcmkuc2FrYW5vQG5leHRyZW1lci5jb20iLCJleHBpcmVzIjoiMjAxNy0wOS0yOCAwNDoyOTo1MyBVVEMifQ.hgAkB7p46r40cFMnQhqU0jpiuJaRVnNxN0aLuLU5LLw,
2017-09-27 15:32:38.909 [DEBUG] <USER PARAM> datetime=2017/09 3,pagetype=next,appid=123,logid=340,reqid=234,token=eyJ0eXAiOiJKV1QiLCJhbGciOiJIUzI1NiJ9.eyJvcmdhbml6YXRpb25fbmFtZSI6IlRlc3QtT3JnYW5pemF0aW9uIiwibmFtZSI6InNha2FubyIsImVtYWlsIjoiZnVtaW5vcmkuc2FrYW5vQG5leHRyZW1lci5jb20iLCJleHBpcmVzIjoiMjAxNy0wOS0yOCAwNDoyOTo1MyBVVEMifQ.hgAkB7p46r40cFMnQhqU0jpiuJaRVnNxN0aLuLU5LLw,
2017-09-27 15:32:46.179 [DEBUG] <USER PARAM> datetime=2017/09 3,pagetype=next,appid=123,logid=340,reqid=234,token=eyJ0eXAiOiJKV1QiLCJhbGciOiJIUzI1NiJ9.eyJvcmdhbml6YXRpb25fbmFtZSI6IlRlc3QtT3JnYW5pemF0aW9uIiwibmFtZSI6InNha2FubyIsImVtYWlsIjoiZnVtaW5vcmkuc2FrYW5vQG5leHRyZW1lci5jb20iLCJleHBpcmVzIjoiMjAxNy0wOS0yOCAwNDoyOTo1MyBVVEMifQ.hgAkB7p46r40cFMnQhqU0jpiuJaRVnNxN0aLuLU5LLw,
2017-09-27 15:33:01.301 [DEBUG] <USER PARAM> datetime=2017/09 3,pagetype=next,appid=123,logid=340,reqid=234,token=eyJ0eXAiOiJKV1QiLCJhbGciOiJIUzI1NiJ9.eyJvcmdhbml6YXRpb25fbmFtZSI6IlRlc3QtT3JnYW5pemF0aW9uIiwibmFtZSI6InNha2FubyIsImVtYWlsIjoiZnVtaW5vcmkuc2FrYW5vQG5leHRyZW1lci5jb20iLCJleHBpcmVzIjoiMjAxNy0wOS0yOCAwNDoyOTo1MyBVVEMifQ.hgAkB7p46r40cFMnQhqU0jpiuJaRVnNxN0aLuLU5LLw,
2017-09-27 15:37:58.849 [DEBUG] <USER PARAM> datetime=2017/09 3,pagetype=next,appid=123,logid=340,reqid=234,token=eyJ0eXAiOiJKV1QiLCJhbGciOiJIUzI1NiJ9.eyJvcmdhbml6YXRpb25fbmFtZSI6IlRlc3QtT3JnYW5pemF0aW9uIiwibmFtZSI6InNha2FubyIsImVtYWlsIjoiZnVtaW5vcmkuc2FrYW5vQG5leHRyZW1lci5jb20iLCJleHBpcmVzIjoiMjAxNy0wOS0yOCAwNDoyOTo1MyBVVEMifQ.hgAkB7p46r40cFMnQhqU0jpiuJaRVnNxN0aLuLU5LLw,
2017-09-27 15:38:09.841 [DEBUG] <USER PARAM> datetime=2017/09 3,pagetype=next,appid=123,logid=340,reqid=234,token=eyJ0eXAiOiJKV1QiLCJhbGciOiJIUzI1NiJ9.eyJvcmdhbml6YXRpb25fbmFtZSI6IlRlc3QtT3JnYW5pemF0aW9uIiwibmFtZSI6InNha2FubyIsImVtYWlsIjoiZnVtaW5vcmkuc2FrYW5vQG5leHRyZW1lci5jb20iLCJleHBpcmVzIjoiMjAxNy0wOS0yOCAwNDoyOTo1MyBVVEMifQ.hgAkB7p46r40cFMnQhqU0jpiuJaRVnNxN0aLuLU5LL,
2017-09-27 15:38:09.920 [WARN ] [トークンが不正です] Internal Server Error, token=eyJ0eXAiOiJKV1QiLCJhbGciOiJIUzI1NiJ9.eyJvcmdhbml6YXRpb25fbmFtZSI6IlRlc3QtT3JnYW5pemF0aW9uIiwibmFtZSI6InNha2FubyIsImVtYWlsIjoiZnVtaW5vcmkuc2FrYW5vQG5leHRyZW1lci5jb20iLCJleHBpcmVzIjoiMjAxNy0wOS0yOCAwNDoyOTo1MyBVVEMifQ.hgAkB7p46r40cFMnQhqU0jpiuJaRVnNxN0aLuLU5LL
2017-09-27 15:39:16.386 [DEBUG] <USER PARAM> datetime=2017/09 3,pagetype=next,appid=123,logid=340,reqid=234,token=,
2017-09-27 15:39:16.388 [WARN ] [パラメータ値が不正です] トークン token=
2017-09-27 15:39:32.693 [DEBUG] <USER PARAM> datetime=2017/09 3,pagetype=next,appid=123,logid=340,reqid=234,toke=,
2017-09-27 15:39:32.695 [WARN ] [パラメータ値が不正です] トークン token=
2017-09-27 15:39:38.024 [DEBUG] <USER PARAM> datetime=2017/09 3,pagetype=next,appid=123,logid=340,reqid=234,
2017-09-27 15:39:38.026 [WARN ] [パラメータ値が不正です] トークン token=
2017-09-27 15:49:06.987 [DEBUG] <USER PARAM> datetime=2017/09 3,pagetype=next,appid=123,logid=340,reqid=234,token=eyJ0eXAiOiJKV1QiLCJhbGciOiJIUzI1NiJ9.eyJvcmdhbml6YXRpb25fbmFtZSI6IlRlc3QtT3JnYW5pemF0aW9uIiwibmFtZSI6InNha2FubyIsImVtYWlsIjoiZnVtaW5vcmkuc2FrYW5vQG5leHRyZW1lci5jb20iLCJleHBpcmVzIjoiMjAxNy0wOS0yOCAwNDoyOTo1MyBVVEMifQ.hgAkB7p46r40cFMnQhqU0jpiuJaRVnNxN0aLuLU5LLw,
2017-09-27 15:56:45.074 [DEBUG] <USER PARAM> datetime=2017/09 3,pagetype=next,appid=123,logid=340,reqid=234,token=eyJ0eXAiOiJKV1QiLCJhbGciOiJIUzI1NiJ9.eyJvcmdhbml6YXRpb25fbmFtZSI6IlRlc3QtT3JnYW5pemF0aW9uIiwibmFtZSI6InNha2FubyIsImVtYWlsIjoiZnVtaW5vcmkuc2FrYW5vQG5leHRyZW1lci5jb20iLCJleHBpcmVzIjoiMjAxNy0wOS0yOCAwNDoyOTo1MyBVVEMifQ.hgAkB7p46r40cFMnQhqU0jpiuJaRVnNxN0aLuLU5LLw,
2017-09-27 16:00:05.425 [DEBUG] <USER PARAM> datetime=2017/09 3,pagetype=next,appid=123,logid=340,reqid=234,token=eyJ0eXAiOiJKV1QiLCJhbGciOiJIUzI1NiJ9.eyJvcmdhbml6YXRpb25fbmFtZSI6IlRlc3QtT3JnYW5pemF0aW9uIiwibmFtZSI6InNha2FubyIsImVtYWlsIjoiZnVtaW5vcmkuc2FrYW5vQG5leHRyZW1lci5jb20iLCJleHBpcmVzIjoiMjAxNy0wOS0yOCAwNDoyOTo1MyBVVEMifQ.hgAkB7p46r40cFMnQhqU0jpiuJaRVnNxN0aLuLU5LLw,
2017-09-27 16:02:37.612 [DEBUG] <USER PARAM> datetime=2017/09 3,pagetype=next,appid=123,logid=340,reqid=234,token=eyJ0eXAiOiJKV1QiLCJhbGciOiJIUzI1NiJ9.eyJvcmdhbml6YXRpb25fbmFtZSI6IlRlc3QtT3JnYW5pemF0aW9uIiwibmFtZSI6InNha2FubyIsImVtYWlsIjoiZnVtaW5vcmkuc2FrYW5vQG5leHRyZW1lci5jb20iLCJleHBpcmVzIjoiMjAxNy0wOS0yOCAwNDoyOTo1MyBVVEMifQ.hgAkB7p46r40cFMnQhqU0jpiuJaRVnNxN0aLuLU5LLw,
2017-09-27 16:03:42.841 [DEBUG] <USER PARAM> datetime=2017/09 3,pagetype=next,appid=123,logid=340,reqid=234,token=eyJ0eXAiOiJKV1QiLCJhbGciOiJIUzI1NiJ9.eyJvcmdhbml6YXRpb25fbmFtZSI6IlRlc3QtT3JnYW5pemF0aW9uIiwibmFtZSI6InNha2FubyIsImVtYWlsIjoiZnVtaW5vcmkuc2FrYW5vQG5leHRyZW1lci5jb20iLCJleHBpcmVzIjoiMjAxNy0wOS0yOCAwNDoyOTo1MyBVVEMifQ.hgAkB7p46r40cFMnQhqU0jpiuJaRVnNxN0aLuLU5LLw,
2017-09-27 16:04:45.591 [DEBUG] <USER PARAM> datetime=2017/09 3,pagetype=next,appid=123,logid=340,reqid=234,token=eyJ0eXAiOiJKV1QiLCJhbGciOiJIUzI1NiJ9.eyJvcmdhbml6YXRpb25fbmFtZSI6IlRlc3QtT3JnYW5pemF0aW9uIiwibmFtZSI6InNha2FubyIsImVtYWlsIjoiZnVtaW5vcmkuc2FrYW5vQG5leHRyZW1lci5jb20iLCJleHBpcmVzIjoiMjAxNy0wOS0yOCAwNDoyOTo1MyBVVEMifQ.hgAkB7p46r40cFMnQhqU0jpiuJaRVnNxN0aLuLU5LLw,
2017-09-27 17:05:17.047 [DEBUG] <USER PARAM> datetime=2017/09 3,pagetype=next,appid=123,logid=340,reqid=234,token=eyJ0eXAiOiJKV1QiLCJhbGciOiJIUzI1NiJ9.eyJvcmdhbml6YXRpb25fbmFtZSI6IlRlc3QtT3JnYW5pemF0aW9uIiwibmFtZSI6InNha2FubyIsImVtYWlsIjoiZnVtaW5vcmkuc2FrYW5vQG5leHRyZW1lci5jb20iLCJleHBpcmVzIjoiMjAxNy0wOS0yOCAwNDoyOTo1MyBVVEMifQ.hgAkB7p46r40cFMnQhqU0jpiuJaRVnNxN0aLuLU5LLw,
2017-09-27 17:05:21.285 [DEBUG] <USER PARAM> datetime=2017/09 3,pagetype=next,appid=123,logid=340,reqid=234,token=eyJ0eXAiOiJKV1QiLCJhbGciOiJIUzI1NiJ9.eyJvcmdhbml6YXRpb25fbmFtZSI6IlRlc3QtT3JnYW5pemF0aW9uIiwibmFtZSI6InNha2FubyIsImVtYWlsIjoiZnVtaW5vcmkuc2FrYW5vQG5leHRyZW1lci5jb20iLCJleHBpcmVzIjoiMjAxNy0wOS0yOCAwNDoyOTo1MyBVVEMifQ.hgAkB7p46r40cFMnQhqU0jpiuJaRVnNxN0aLuLU5LLw,
2017-09-27 17:23:48.061 [DEBUG] <USER PARAM> datetime=2017/09 3,pagetype=next,appid=123,logid=340,reqid=234,token=eyJ0eXAiOiJKV1QiLCJhbGciOiJIUzI1NiJ9.eyJvcmdhbml6YXRpb25fbmFtZSI6IlRlc3QtT3JnYW5pemF0aW9uIiwibmFtZSI6InNha2FubyIsImVtYWlsIjoiZnVtaW5vcmkuc2FrYW5vQG5leHRyZW1lci5jb20iLCJleHBpcmVzIjoiMjAxNy0wOS0yOCAwNDoyOTo1MyBVVEMifQ.hgAkB7p46r40cFMnQhqU0jpiuJaRVnNxN0aLuLU5LLw,
2017-09-27 17:59:05.522 [DEBUG] <USER PARAM> datetime=2017/09 3,pagetype=next,appid=123,logid=340,reqid=234,token=eyJ0eXAiOiJKV1QiLCJhbGciOiJIUzI1NiJ9.eyJvcmdhbml6YXRpb25fbmFtZSI6IlRlc3QtT3JnYW5pemF0aW9uIiwibmFtZSI6InNha2FubyIsImVtYWlsIjoiZnVtaW5vcmkuc2FrYW5vQG5leHRyZW1lci5jb20iLCJleHBpcmVzIjoiMjAxNy0wOS0yOCAwNDoyOTo1MyBVVEMifQ.hgAkB7p46r40cFMnQhqU0jpiuJaRVnNxN0aLuLU5LLw,
2017-09-27 17:59:27.835 [DEBUG] <USER PARAM> datetime=2017/09 3,pagetype=next,appid=123,logid=340,reqid=234,token=eyJ0eXAiOiJKV1QiLCJhbGciOiJIUzI1NiJ9.eyJvcmdhbml6YXRpb25fbmFtZSI6IlRlc3QtT3JnYW5pemF0aW9uIiwibmFtZSI6InNha2FubyIsImVtYWlsIjoiZnVtaW5vcmkuc2FrYW5vQG5leHRyZW1lci5jb20iLCJleHBpcmVzIjoiMjAxNy0wOS0yOCAwNDoyOTo1MyBVVEMifQ.hgAkB7p46r40cFMnQhqU0jpiuJaRVnNxN0aLuLU5LLw,
2017-09-27 18:01:55.213 [DEBUG] <USER PARAM> datetime=2017/09 3,pagetype=next,appid=123,logid=340,reqid=234,token=eyJ0eXAiOiJKV1QiLCJhbGciOiJIUzI1NiJ9.eyJvcmdhbml6YXRpb25fbmFtZSI6IlRlc3QtT3JnYW5pemF0aW9uIiwibmFtZSI6InNha2FubyIsImVtYWlsIjoiZnVtaW5vcmkuc2FrYW5vQG5leHRyZW1lci5jb20iLCJleHBpcmVzIjoiMjAxNy0wOS0yOCAwNDoyOTo1MyBVVEMifQ.hgAkB7p46r40cFMnQhqU0jpiuJaRVnNxN0aLuLU5LLw,
2017-09-27 18:08:43.507 [DEBUG] <USER PARAM> datetime=2017/09 3,pagetype=next,appid=123,logid=340,reqid=234,token=eyJ0eXAiOiJKV1QiLCJhbGciOiJIUzI1NiJ9.eyJvcmdhbml6YXRpb25fbmFtZSI6IlRlc3QtT3JnYW5pemF0aW9uIiwibmFtZSI6InNha2FubyIsImVtYWlsIjoiZnVtaW5vcmkuc2FrYW5vQG5leHRyZW1lci5jb20iLCJleHBpcmVzIjoiMjAxNy0wOS0yOCAwNDoyOTo1MyBVVEMifQ.hgAkB7p46r40cFMnQhqU0jpiuJaRVnNxN0aLuLU5LLw,
2017-09-27 18:11:09.352 [DEBUG] <USER PARAM> datetime=2017/09 3,pagetype=next,appid=123,logid=340,reqid=234,token=eyJ0eXAiOiJKV1QiLCJhbGciOiJIUzI1NiJ9.eyJvcmdhbml6YXRpb25fbmFtZSI6IlRlc3QtT3JnYW5pemF0aW9uIiwibmFtZSI6InNha2FubyIsImVtYWlsIjoiZnVtaW5vcmkuc2FrYW5vQG5leHRyZW1lci5jb20iLCJleHBpcmVzIjoiMjAxNy0wOS0yOCAwNDoyOTo1MyBVVEMifQ.hgAkB7p46r40cFMnQhqU0jpiuJaRVnNxN0aLuLU5LLw,
2017-09-27 18:11:27.307 [DEBUG] <USER PARAM> datetime=2017/09 3,pagetype=next,appid=123,logid=340,reqid=234,token=eyJ0eXAiOiJKV1QiLCJhbGciOiJIUzI1NiJ9.eyJvcmdhbml6YXRpb25fbmFtZSI6IlRlc3QtT3JnYW5pemF0aW9uIiwibmFtZSI6InNha2FubyIsImVtYWlsIjoiZnVtaW5vcmkuc2FrYW5vQG5leHRyZW1lci5jb20iLCJleHBpcmVzIjoiMjAxNy0wOS0yOCAwNDoyOTo1MyBVVEMifQ.hgAkB7p46r40cFMnQhqU0jpiuJaRVnNxN0aLuLU5LLw,
2017-09-27 18:23:35.083 [DEBUG] <USER PARAM> datetime=2017/09 3,pagetype=next,appid=123,logid=340,reqid=234,token=eyJ0eXAiOiJKV1QiLCJhbGciOiJIUzI1NiJ9.eyJvcmdhbml6YXRpb25fbmFtZSI6IlRlc3QtT3JnYW5pemF0aW9uIiwibmFtZSI6InNha2FubyIsImVtYWlsIjoiZnVtaW5vcmkuc2FrYW5vQG5leHRyZW1lci5jb20iLCJleHBpcmVzIjoiMjAxNy0wOS0yOCAwNDoyOTo1MyBVVEMifQ.hgAkB7p46r40cFMnQhqU0jpiuJaRVnNxN0aLuLU5LLw,
2017-09-27 18:23:42.148 [DEBUG] <USER PARAM> datetime=2017/09 3,pagetype=next,appid=123,logid=340,reqid=234,token=eyJ0eXAiOiJKV1QiLCJhbGciOiJIUzI1NiJ9.eyJvcmdhbml6YXRpb25fbmFtZSI6IlRlc3QtT3JnYW5pemF0aW9uIiwibmFtZSI6InNha2FubyIsImVtYWlsIjoiZnVtaW5vcmkuc2FrYW5vQG5leHRyZW1lci5jb20iLCJleHBpcmVzIjoiMjAxNy0wOS0yOCAwNDoyOTo1MyBVVEMifQ.hgAkB7p46r40cFMnQhqU0jpiuJaRVnNxN0aLuLU5LLw,
2017-09-27 18:32:53.492 [DEBUG] <USER PARAM> datetime=2017/09 3,pagetype=next,appid=123,logid=340,reqid=234,token=eyJ0eXAiOiJKV1QiLCJhbGciOiJIUzI1NiJ9.eyJvcmdhbml6YXRpb25fbmFtZSI6IlRlc3QtT3JnYW5pemF0aW9uIiwibmFtZSI6InNha2FubyIsImVtYWlsIjoiZnVtaW5vcmkuc2FrYW5vQG5leHRyZW1lci5jb20iLCJleHBpcmVzIjoiMjAxNy0wOS0yOCAwNDoyOTo1MyBVVEMifQ.hgAkB7p46r40cFMnQhqU0jpiuJaRVnNxN0aLuLU5LLw,
2017-09-27 18:33:00.513 [DEBUG] <USER PARAM> datetime=2017/09 3,pagetype=next,appid=123,logid=340,reqid=234,token=eyJ0eXAiOiJKV1QiLCJhbGciOiJIUzI1NiJ9.eyJvcmdhbml6YXRpb25fbmFtZSI6IlRlc3QtT3JnYW5pemF0aW9uIiwibmFtZSI6InNha2FubyIsImVtYWlsIjoiZnVtaW5vcmkuc2FrYW5vQG5leHRyZW1lci5jb20iLCJleHBpcmVzIjoiMjAxNy0wOS0yOCAwNDoyOTo1MyBVVEMifQ.hgAkB7p46r40cFMnQhqU0jpiuJaRVnNxN0aLuLU5LLw,
2017-09-27 18:33:28.129 [DEBUG] <USER PARAM> pagetype=next,appid=123,logid=340,reqid=234,token=eyJ0eXAiOiJKV1QiLCJhbGciOiJIUzI1NiJ9.eyJvcmdhbml6YXRpb25fbmFtZSI6IlRlc3QtT3JnYW5pemF0aW9uIiwibmFtZSI6InNha2FubyIsImVtYWlsIjoiZnVtaW5vcmkuc2FrYW5vQG5leHRyZW1lci5jb20iLCJleHBpcmVzIjoiMjAxNy0wOS0yOCAwNDoyOTo1MyBVVEMifQ.hgAkB7p46r40cFMnQhqU0jpiuJaRVnNxN0aLuLU5LLw,
2017-09-27 18:33:38.645 [DEBUG] <USER PARAM> datetime=2017/09 3,pagetype=,appid=123,logid=340,reqid=234,token=eyJ0eXAiOiJKV1QiLCJhbGciOiJIUzI1NiJ9.eyJvcmdhbml6YXRpb25fbmFtZSI6IlRlc3QtT3JnYW5pemF0aW9uIiwibmFtZSI6InNha2FubyIsImVtYWlsIjoiZnVtaW5vcmkuc2FrYW5vQG5leHRyZW1lci5jb20iLCJleHBpcmVzIjoiMjAxNy0wOS0yOCAwNDoyOTo1MyBVVEMifQ.hgAkB7p46r40cFMnQhqU0jpiuJaRVnNxN0aLuLU5LLw,
2017-09-27 18:33:50.398 [DEBUG] <USER PARAM> datetime=2017/09 3,pagetype=next,appid=,logid=340,reqid=234,token=eyJ0eXAiOiJKV1QiLCJhbGciOiJIUzI1NiJ9.eyJvcmdhbml6YXRpb25fbmFtZSI6IlRlc3QtT3JnYW5pemF0aW9uIiwibmFtZSI6InNha2FubyIsImVtYWlsIjoiZnVtaW5vcmkuc2FrYW5vQG5leHRyZW1lci5jb20iLCJleHBpcmVzIjoiMjAxNy0wOS0yOCAwNDoyOTo1MyBVVEMifQ.hgAkB7p46r40cFMnQhqU0jpiuJaRVnNxN0aLuLU5LLw,
2017-09-27 18:33:50.654 [WARN ] [パラメータ値が不正です] アプリケーションID, appid=
2017-09-27 18:33:58.802 [DEBUG] <USER PARAM> datetime=2017/09 3,pagetype=next,appid=123,logid=,reqid=234,token=eyJ0eXAiOiJKV1QiLCJhbGciOiJIUzI1NiJ9.eyJvcmdhbml6YXRpb25fbmFtZSI6IlRlc3QtT3JnYW5pemF0aW9uIiwibmFtZSI6InNha2FubyIsImVtYWlsIjoiZnVtaW5vcmkuc2FrYW5vQG5leHRyZW1lci5jb20iLCJleHBpcmVzIjoiMjAxNy0wOS0yOCAwNDoyOTo1MyBVVEMifQ.hgAkB7p46r40cFMnQhqU0jpiuJaRVnNxN0aLuLU5LLw,
2017-09-27 18:34:00.670 [WARN ] [パラメータ値が不正です] ログIDかリクエストIDがありません : logid=0, reqid=234
2017-09-27 18:34:12.376 [DEBUG] <USER PARAM> datetime=2017/09 3,pagetype=next,appid=123,logid=340,reqid=234,token=eyJ0eXAiOiJKV1QiLCJhbGciOiJIUzI1NiJ9.eyJvcmdhbml6YXRpb25fbmFtZSI6IlRlc3QtT3JnYW5pemF0aW9uIiwibmFtZSI6InNha2FubyIsImVtYWlsIjoiZnVtaW5vcmkuc2FrYW5vQG5leHRyZW1lci5jb20iLCJleHBpcmVzIjoiMjAxNy0wOS0yOCAwNDoyOTo1MyBVVEMifQ.hgAkB7p46r40cFMnQhqU0jpiuJaRVnNxN0aLuLU5LLw,
2017-09-27 18:34:38.657 [DEBUG] <USER PARAM> datetime=2017/09 3,pagetype=next,appid=123,token=eyJ0eXAiOiJKV1QiLCJhbGciOiJIUzI1NiJ9.eyJvcmdhbml6YXRpb25fbmFtZSI6IlRlc3QtT3JnYW5pemF0aW9uIiwibmFtZSI6InNha2FubyIsImVtYWlsIjoiZnVtaW5vcmkuc2FrYW5vQG5leHRyZW1lci5jb20iLCJleHBpcmVzIjoiMjAxNy0wOS0yOCAwNDoyOTo1MyBVVEMifQ.hgAkB7p46r40cFMnQhqU0jpiuJaRVnNxN0aLuLU5LLw,
2017-09-27 18:38:32.663 [DEBUG] <USER PARAM> datetime=2017/09 3,pagetype=next,appid=123,logid=340,reqid=234,token=eyJ0eXAiOiJKV1QiLCJhbGciOiJIUzI1NiJ9.eyJvcmdhbml6YXRpb25fbmFtZSI6IlRlc3QtT3JnYW5pemF0aW9uIiwibmFtZSI6InNha2FubyIsImVtYWlsIjoiZnVtaW5vcmkuc2FrYW5vQG5leHRyZW1lci5jb20iLCJleHBpcmVzIjoiMjAxNy0wOS0yOCAwNDoyOTo1MyBVVEMifQ.hgAkB7p46r40cFMnQhqU0jpiuJaRVnNxN0aLuLU5LLw,
2017-09-27 18:38:43.488 [DEBUG] <USER PARAM> datetime=2017/09 3,pagetype=next,appid=123,logid=340,reqid=234,token=eyJ0eXAiOiJKV1QiLCJhbGciOiJIUzI1NiJ9.eyJvcmdhbml6YXRpb25fbmFtZSI6IlRlc3QtT3JnYW5pemF0aW9uIiwibmFtZSI6InNha2FubyIsImVtYWlsIjoiZnVtaW5vcmkuc2FrYW5vQG5leHRyZW1lci5jb20iLCJleHBpcmVzIjoiMjAxNy0wOS0yOCAwNDoyOTo1MyBVVEMifQ.hgAkB7p46r40cFMnQhqU0jpiuJaRVnNxN0aLuLU5LLw,
2017-09-27 18:39:01.929 [DEBUG] <USER PARAM> datetime=2017/09 3,pagetype=next,appid=123,logid=340,reqid=234,token=eyJ0eXAiOiJKV1QiLCJhbGciOiJIUzI1NiJ9.eyJvcmdhbml6YXRpb25fbmFtZSI6IlRlc3QtT3JnYW5pemF0aW9uIiwibmFtZSI6InNha2FubyIsImVtYWlsIjoiZnVtaW5vcmkuc2FrYW5vQG5leHRyZW1lci5jb20iLCJleHBpcmVzIjoiMjAxNy0wOS0yOCAwNDoyOTo1MyBVVEMifQ.hgAkB7p46r40cFMnQhqU0jpiuJaRVnNxN0aLuLU5LLw,
2017-09-27 18:41:38.091 [DEBUG] <USER PARAM> datetime=2017/09 3,pagetype=next,appid=123,logid=340,reqid=234,token=eyJ0eXAiOiJKV1QiLCJhbGciOiJIUzI1NiJ9.eyJvcmdhbml6YXRpb25fbmFtZSI6IlRlc3QtT3JnYW5pemF0aW9uIiwibmFtZSI6InNha2FubyIsImVtYWlsIjoiZnVtaW5vcmkuc2FrYW5vQG5leHRyZW1lci5jb20iLCJleHBpcmVzIjoiMjAxNy0wOS0yOCAwNDoyOTo1MyBVVEMifQ.hgAkB7p46r40cFMnQhqU0jpiuJaRVnNxN0aLuLU5LLw,
2017-09-27 18:42:13.490 [DEBUG] <USER PARAM> datetime=2017/09 3,pagetype=next,appid=123,logid=340,reqid=234,token=eyJ0eXAiOiJKV1QiLCJhbGciOiJIUzI1NiJ9.eyJvcmdhbml6YXRpb25fbmFtZSI6IlRlc3QtT3JnYW5pemF0aW9uIiwibmFtZSI6InNha2FubyIsImVtYWlsIjoiZnVtaW5vcmkuc2FrYW5vQG5leHRyZW1lci5jb20iLCJleHBpcmVzIjoiMjAxNy0wOS0yOCAwNDoyOTo1MyBVVEMifQ.hgAkB7p46r40cFMnQhqU0jpiuJaRVnNxN0aLuLU5LLw,
2017-09-27 18:43:54.814 [DEBUG] <USER PARAM> datetime=2017/09 3,pagetype=next,appid=123,logid=340,reqid=234,token=eyJ0eXAiOiJKV1QiLCJhbGciOiJIUzI1NiJ9.eyJvcmdhbml6YXRpb25fbmFtZSI6IlRlc3QtT3JnYW5pemF0aW9uIiwibmFtZSI6InNha2FubyIsImVtYWlsIjoiZnVtaW5vcmkuc2FrYW5vQG5leHRyZW1lci5jb20iLCJleHBpcmVzIjoiMjAxNy0wOS0yOCAwNDoyOTo1MyBVVEMifQ.hgAkB7p46r40cFMnQhqU0jpiuJaRVnNxN0aLuLU5LLw,
2017-09-27 18:49:50.997 [DEBUG] <USER PARAM> datetime=2017/09 3,pagetype=next,appid=123,logid=340,reqid=234,token=eyJ0eXAiOiJKV1QiLCJhbGciOiJIUzI1NiJ9.eyJvcmdhbml6YXRpb25fbmFtZSI6IlRlc3QtT3JnYW5pemF0aW9uIiwibmFtZSI6InNha2FubyIsImVtYWlsIjoiZnVtaW5vcmkuc2FrYW5vQG5leHRyZW1lci5jb20iLCJleHBpcmVzIjoiMjAxNy0wOS0yOCAwNDoyOTo1MyBVVEMifQ.hgAkB7p46r40cFMnQhqU0jpiuJaRVnNxN0aLuLU5LLw,
2017-09-27 18:49:52.165 [ERROR] SQLSTATE[HY000] [2002] Cannot assign requested address
2017-09-27 18:50:14.889 [DEBUG] <USER PARAM> datetime=2017/09 3,pagetype=next,appid=123,logid=340,reqid=234,token=eyJ0eXAiOiJKV1QiLCJhbGciOiJIUzI1NiJ9.eyJvcmdhbml6YXRpb25fbmFtZSI6IlRlc3QtT3JnYW5pemF0aW9uIiwibmFtZSI6InNha2FubyIsImVtYWlsIjoiZnVtaW5vcmkuc2FrYW5vQG5leHRyZW1lci5jb20iLCJleHBpcmVzIjoiMjAxNy0wOS0yOCAwNDoyOTo1MyBVVEMifQ.hgAkB7p46r40cFMnQhqU0jpiuJaRVnNxN0aLuLU5LLw,
2017-09-27 18:50:15.422 [ERROR] SQLSTATE[HY000] [2002] Cannot assign requested address
2017-09-27 18:50:51.423 [DEBUG] <USER PARAM> datetime=2017/09 3,pagetype=next,appid=123,logid=340,reqid=234,token=eyJ0eXAiOiJKV1QiLCJhbGciOiJIUzI1NiJ9.eyJvcmdhbml6YXRpb25fbmFtZSI6IlRlc3QtT3JnYW5pemF0aW9uIiwibmFtZSI6InNha2FubyIsImVtYWlsIjoiZnVtaW5vcmkuc2FrYW5vQG5leHRyZW1lci5jb20iLCJleHBpcmVzIjoiMjAxNy0wOS0yOCAwNDoyOTo1MyBVVEMifQ.hgAkB7p46r40cFMnQhqU0jpiuJaRVnNxN0aLuLU5LLw,
2017-09-27 18:50:52.372 [ERROR] SQLSTATE[HY000] [2002] Cannot assign requested address
2017-09-27 18:55:10.081 [DEBUG] <USER PARAM> datetime=2017/09 3,pagetype=next,appid=123,logid=340,reqid=234,token=eyJ0eXAiOiJKV1QiLCJhbGciOiJIUzI1NiJ9.eyJvcmdhbml6YXRpb25fbmFtZSI6IlRlc3QtT3JnYW5pemF0aW9uIiwibmFtZSI6InNha2FubyIsImVtYWlsIjoiZnVtaW5vcmkuc2FrYW5vQG5leHRyZW1lci5jb20iLCJleHBpcmVzIjoiMjAxNy0wOS0yOCAwNDoyOTo1MyBVVEMifQ.hgAkB7p46r40cFMnQhqU0jpiuJaRVnNxN0aLuLU5LLw,
2017-09-27 18:55:12.062 [ERROR] SQLSTATE[HY000] [2002] Cannot assign requested address
2017-09-27 18:57:51.298 [DEBUG] <USER PARAM> datetime=2017/09 3,pagetype=next,appid=123,logid=340,reqid=234,token=eyJ0eXAiOiJKV1QiLCJhbGciOiJIUzI1NiJ9.eyJvcmdhbml6YXRpb25fbmFtZSI6IlRlc3QtT3JnYW5pemF0aW9uIiwibmFtZSI6InNha2FubyIsImVtYWlsIjoiZnVtaW5vcmkuc2FrYW5vQG5leHRyZW1lci5jb20iLCJleHBpcmVzIjoiMjAxNy0wOS0yOCAwNDoyOTo1MyBVVEMifQ.hgAkB7p46r40cFMnQhqU0jpiuJaRVnNxN0aLuLU5LLw,
2017-09-27 18:57:53.270 [ERROR] SQLSTATE[HY000] [2002] Cannot assign requested address
2017-09-27 18:58:31.742 [DEBUG] <USER PARAM> datetime=2017/09 3,pagetype=next,appid=123,logid=340,reqid=234,token=eyJ0eXAiOiJKV1QiLCJhbGciOiJIUzI1NiJ9.eyJvcmdhbml6YXRpb25fbmFtZSI6IlRlc3QtT3JnYW5pemF0aW9uIiwibmFtZSI6InNha2FubyIsImVtYWlsIjoiZnVtaW5vcmkuc2FrYW5vQG5leHRyZW1lci5jb20iLCJleHBpcmVzIjoiMjAxNy0wOS0yOCAwNDoyOTo1MyBVVEMifQ.hgAkB7p46r40cFMnQhqU0jpiuJaRVnNxN0aLuLU5LLw,
2017-09-27 18:58:32.260 [ERROR] SQLSTATE[HY000] [2002] Cannot assign requested address
2017-09-27 18:58:38.933 [DEBUG] <USER PARAM> datetime=2017/09 3,pagetype=next,appid=123,logid=340,reqid=234,token=eyJ0eXAiOiJKV1QiLCJhbGciOiJIUzI1NiJ9.eyJvcmdhbml6YXRpb25fbmFtZSI6IlRlc3QtT3JnYW5pemF0aW9uIiwibmFtZSI6InNha2FubyIsImVtYWlsIjoiZnVtaW5vcmkuc2FrYW5vQG5leHRyZW1lci5jb20iLCJleHBpcmVzIjoiMjAxNy0wOS0yOCAwNDoyOTo1MyBVVEMifQ.hgAkB7p46r40cFMnQhqU0jpiuJaRVnNxN0aLuLU5LLw,
2017-09-27 18:58:39.350 [ERROR] SQLSTATE[HY000] [2002] Cannot assign requested address
2017-09-27 18:58:55.452 [DEBUG] <USER PARAM> datetime=2017/09 3,pagetype=next,appid=123,logid=340,reqid=234,token=eyJ0eXAiOiJKV1QiLCJhbGciOiJIUzI1NiJ9.eyJvcmdhbml6YXRpb25fbmFtZSI6IlRlc3QtT3JnYW5pemF0aW9uIiwibmFtZSI6InNha2FubyIsImVtYWlsIjoiZnVtaW5vcmkuc2FrYW5vQG5leHRyZW1lci5jb20iLCJleHBpcmVzIjoiMjAxNy0wOS0yOCAwNDoyOTo1MyBVVEMifQ.hgAkB7p46r40cFMnQhqU0jpiuJaRVnNxN0aLuLU5LLw,
2017-09-27 18:58:57.959 [ERROR] SQLSTATE[HY000] [2002] Cannot assign requested address
2017-09-27 18:59:44.284 [DEBUG] <USER PARAM> datetime=2017/09 3,pagetype=next,appid=123,logid=340,reqid=234,token=eyJ0eXAiOiJKV1QiLCJhbGciOiJIUzI1NiJ9.eyJvcmdhbml6YXRpb25fbmFtZSI6IlRlc3QtT3JnYW5pemF0aW9uIiwibmFtZSI6InNha2FubyIsImVtYWlsIjoiZnVtaW5vcmkuc2FrYW5vQG5leHRyZW1lci5jb20iLCJleHBpcmVzIjoiMjAxNy0wOS0yOCAwNDoyOTo1MyBVVEMifQ.hgAkB7p46r40cFMnQhqU0jpiuJaRVnNxN0aLuLU5LLw,
2017-09-27 18:59:44.759 [ERROR] SQLSTATE[HY000] [2002] Cannot assign requested address
2017-09-27 19:00:07.510 [DEBUG] <USER PARAM> datetime=2017/09 3,pagetype=next,appid=123,logid=340,reqid=234,token=eyJ0eXAiOiJKV1QiLCJhbGciOiJIUzI1NiJ9.eyJvcmdhbml6YXRpb25fbmFtZSI6IlRlc3QtT3JnYW5pemF0aW9uIiwibmFtZSI6InNha2FubyIsImVtYWlsIjoiZnVtaW5vcmkuc2FrYW5vQG5leHRyZW1lci5jb20iLCJleHBpcmVzIjoiMjAxNy0wOS0yOCAwNDoyOTo1MyBVVEMifQ.hgAkB7p46r40cFMnQhqU0jpiuJaRVnNxN0aLuLU5LLw,
2017-09-27 19:00:08.413 [ERROR] SQLSTATE[HY000] [2002] Cannot assign requested address
2017-09-27 19:00:16.775 [DEBUG] <USER PARAM> datetime=2017/09 3,pagetype=next,appid=123,logid=340,reqid=234,token=eyJ0eXAiOiJKV1QiLCJhbGciOiJIUzI1NiJ9.eyJvcmdhbml6YXRpb25fbmFtZSI6IlRlc3QtT3JnYW5pemF0aW9uIiwibmFtZSI6InNha2FubyIsImVtYWlsIjoiZnVtaW5vcmkuc2FrYW5vQG5leHRyZW1lci5jb20iLCJleHBpcmVzIjoiMjAxNy0wOS0yOCAwNDoyOTo1MyBVVEMifQ.hgAkB7p46r40cFMnQhqU0jpiuJaRVnNxN0aLuLU5LLw,
2017-09-27 19:00:17.629 [ERROR] SQLSTATE[HY000] [2002] Cannot assign requested address
2017-09-27 19:00:42.639 [DEBUG] <USER PARAM> datetime=2017/09 3,pagetype=next,appid=123,logid=340,reqid=234,token=eyJ0eXAiOiJKV1QiLCJhbGciOiJIUzI1NiJ9.eyJvcmdhbml6YXRpb25fbmFtZSI6IlRlc3QtT3JnYW5pemF0aW9uIiwibmFtZSI6InNha2FubyIsImVtYWlsIjoiZnVtaW5vcmkuc2FrYW5vQG5leHRyZW1lci5jb20iLCJleHBpcmVzIjoiMjAxNy0wOS0yOCAwNDoyOTo1MyBVVEMifQ.hgAkB7p46r40cFMnQhqU0jpiuJaRVnNxN0aLuLU5LLw,
2017-09-27 19:00:42.878 [ERROR] SQLSTATE[HY000] [2002] Cannot assign requested address
2017-09-27 19:01:23.386 [DEBUG] <USER PARAM> datetime=2017/09 3,pagetype=next,appid=123,logid=340,reqid=234,token=eyJ0eXAiOiJKV1QiLCJhbGciOiJIUzI1NiJ9.eyJvcmdhbml6YXRpb25fbmFtZSI6IlRlc3QtT3JnYW5pemF0aW9uIiwibmFtZSI6InNha2FubyIsImVtYWlsIjoiZnVtaW5vcmkuc2FrYW5vQG5leHRyZW1lci5jb20iLCJleHBpcmVzIjoiMjAxNy0wOS0yOCAwNDoyOTo1MyBVVEMifQ.hgAkB7p46r40cFMnQhqU0jpiuJaRVnNxN0aLuLU5LLw,
2017-09-27 19:01:24.091 [ERROR] SQLSTATE[HY000] [2002] Cannot assign requested address
2017-09-28 11:43:45.186 [DEBUG] <USER PARAM> datetime=2017/09 3,pagetype=next,appid=123,logid=340,reqid=234,token=eyJ0eXAiOiJKV1QiLCJhbGciOiJIUzI1NiJ9.eyJvcmdhbml6YXRpb25fbmFtZSI6IlRlc3QtT3JnYW5pemF0aW9uIiwibmFtZSI6InNha2FubyIsImVtYWlsIjoiZnVtaW5vcmkuc2FrYW5vQG5leHRyZW1lci5jb20iLCJleHBpcmVzIjoiMjAxNy0wOS0yOCAwNDoyOTo1MyBVVEMifQ.hgAkB7p46r40cFMnQhqU0jpiuJaRVnNxN0aLuLU5LLw,
2017-09-28 11:46:38.961 [DEBUG] <USER PARAM> datetime=2017/09 3,pagetype=next,appid=123,logid=340,reqid=234,token=eyJ0eXAiOiJKV1QiLCJhbGciOiJIUzI1NiJ9.eyJvcmdhbml6YXRpb25fbmFtZSI6IlRlc3QtT3JnYW5pemF0aW9uIiwibmFtZSI6InNha2FubyIsImVtYWlsIjoiZnVtaW5vcmkuc2FrYW5vQG5leHRyZW1lci5jb20iLCJleHBpcmVzIjoiMjAxNy0wOS0yOCAwNDoyOTo1MyBVVEMifQ.hgAkB7p46r40cFMnQhqU0jpiuJaRVnNxN0aLuLU5LLw,
2017-09-28 11:47:29.997 [DEBUG] <USER PARAM> datetime=2017/09 3,pagetype=next,appid=123,logid=340,reqid=234,token=eyJ0eXAiOiJKV1QiLCJhbGciOiJIUzI1NiJ9.eyJvcmdhbml6YXRpb25fbmFtZSI6IlRlc3QtT3JnYW5pemF0aW9uIiwibmFtZSI6InNha2FubyIsImVtYWlsIjoiZnVtaW5vcmkuc2FrYW5vQG5leHRyZW1lci5jb20iLCJleHBpcmVzIjoiMjAxNy0wOS0yOCAwNDoyOTo1MyBVVEMifQ.hgAkB7p46r40cFMnQhqU0jpiuJaRVnNxN0aLuLU5LLw,
2017-09-28 11:54:54.985 [DEBUG] <USER PARAM> datetime=2017/09 3,pagetype=next,appid=123,logid=340,reqid=234,token=eyJ0eXAiOiJKV1QiLCJhbGciOiJIUzI1NiJ9.eyJvcmdhbml6YXRpb25fbmFtZSI6IlRlc3QtT3JnYW5pemF0aW9uIiwibmFtZSI6InNha2FubyIsImVtYWlsIjoiZnVtaW5vcmkuc2FrYW5vQG5leHRyZW1lci5jb20iLCJleHBpcmVzIjoiMjAxNy0wOS0yOCAwNDoyOTo1MyBVVEMifQ.hgAkB7p46r40cFMnQhqU0jpiuJaRVnNxN0aLuLU5LLw,
2017-09-28 11:55:26.250 [DEBUG] <USER PARAM> datetime=2017/09 3,pagetype=next,appid=123,logid=340,reqid=234,token=eyJ0eXAiOiJKV1QiLCJhbGciOiJIUzI1NiJ9.eyJvcmdhbml6YXRpb25fbmFtZSI6IlRlc3QtT3JnYW5pemF0aW9uIiwibmFtZSI6InNha2FubyIsImVtYWlsIjoiZnVtaW5vcmkuc2FrYW5vQG5leHRyZW1lci5jb20iLCJleHBpcmVzIjoiMjAxNy0wOS0yOCAwNDoyOTo1MyBVVEMifQ.hgAkB7p46r40cFMnQhqU0jpiuJaRVnNxN0aLuLU5LLw,
2017-09-28 11:55:49.367 [DEBUG] <USER PARAM> datetime=2017/09 3,pagetype=next,appid=123,logid=340,reqid=234,token=eyJ0eXAiOiJKV1QiLCJhbGciOiJIUzI1NiJ9.eyJvcmdhbml6YXRpb25fbmFtZSI6IlRlc3QtT3JnYW5pemF0aW9uIiwibmFtZSI6InNha2FubyIsImVtYWlsIjoiZnVtaW5vcmkuc2FrYW5vQG5leHRyZW1lci5jb20iLCJleHBpcmVzIjoiMjAxNy0wOS0yOCAwNDoyOTo1MyBVVEMifQ.hgAkB7p46r40cFMnQhqU0jpiuJaRVnNxN0aLuLU5LLw,
2017-09-28 11:56:02.185 [DEBUG] <USER PARAM> datetime=2017/09 3,pagetype=next,appid=123,logid=340,reqid=234,token=eyJ0eXAiOiJKV1QiLCJhbGciOiJIUzI1NiJ9.eyJvcmdhbml6YXRpb25fbmFtZSI6IlRlc3QtT3JnYW5pemF0aW9uIiwibmFtZSI6InNha2FubyIsImVtYWlsIjoiZnVtaW5vcmkuc2FrYW5vQG5leHRyZW1lci5jb20iLCJleHBpcmVzIjoiMjAxNy0wOS0yOCAwNDoyOTo1MyBVVEMifQ.hgAkB7p46r40cFMnQhqU0jpiuJaRVnNxN0aLuLU5LLw,
2017-09-28 11:59:19.023 [DEBUG] <USER PARAM> datetime=2017/09 3,pagetype=next,appid=123,logid=340,reqid=234,token=eyJ0eXAiOiJKV1QiLCJhbGciOiJIUzI1NiJ9.eyJvcmdhbml6YXRpb25fbmFtZSI6IlRlc3QtT3JnYW5pemF0aW9uIiwibmFtZSI6InNha2FubyIsImVtYWlsIjoiZnVtaW5vcmkuc2FrYW5vQG5leHRyZW1lci5jb20iLCJleHBpcmVzIjoiMjAxNy0wOS0yOCAwNDoyOTo1MyBVVEMifQ.hgAkB7p46r40cFMnQhqU0jpiuJaRVnNxN0aLuLU5LLw,
2017-09-28 11:59:54.902 [DEBUG] <USER PARAM> datetime=2017/09 3,pagetype=next,appid=123,logid=340,reqid=234,token=eyJ0eXAiOiJKV1QiLCJhbGciOiJIUzI1NiJ9.eyJvcmdhbml6YXRpb25fbmFtZSI6IlRlc3QtT3JnYW5pemF0aW9uIiwibmFtZSI6InNha2FubyIsImVtYWlsIjoiZnVtaW5vcmkuc2FrYW5vQG5leHRyZW1lci5jb20iLCJleHBpcmVzIjoiMjAxNy0wOS0yOCAwNDoyOTo1MyBVVEMifQ.hgAkB7p46r40cFMnQhqU0jpiuJaRVnNxN0aLuLU5LLw,
2017-09-28 12:00:19.941 [DEBUG] <USER PARAM> datetime=2017/09 3,pagetype=next,appid=123,logid=340,reqid=234,token=eyJ0eXAiOiJKV1QiLCJhbGciOiJIUzI1NiJ9.eyJvcmdhbml6YXRpb25fbmFtZSI6IlRlc3QtT3JnYW5pemF0aW9uIiwibmFtZSI6InNha2FubyIsImVtYWlsIjoiZnVtaW5vcmkuc2FrYW5vQG5leHRyZW1lci5jb20iLCJleHBpcmVzIjoiMjAxNy0wOS0yOCAwNDoyOTo1MyBVVEMifQ.hgAkB7p46r40cFMnQhqU0jpiuJaRVnNxN0aLuLU5LLw,
2017-09-28 12:01:22.992 [DEBUG] <USER PARAM> datetime=2017/09 3,pagetype=next,appid=123,logid=340,reqid=234,token=eyJ0eXAiOiJKV1QiLCJhbGciOiJIUzI1NiJ9.eyJvcmdhbml6YXRpb25fbmFtZSI6IlRlc3QtT3JnYW5pemF0aW9uIiwibmFtZSI6InNha2FubyIsImVtYWlsIjoiZnVtaW5vcmkuc2FrYW5vQG5leHRyZW1lci5jb20iLCJleHBpcmVzIjoiMjAxNy0wOS0yOCAwNDoyOTo1MyBVVEMifQ.hgAkB7p46r40cFMnQhqU0jpiuJaRVnNxN0aLuLU5LLw,
2017-09-28 12:01:27.425 [ERROR] SQLSTATE[42S02]: Base table or view not found: 1146 Table 'heroku_33f0d4b8f52b13d.xxxx' doesn't exist
2017-09-28 12:01:36.274 [DEBUG] <USER PARAM> datetime=2017/09 3,pagetype=next,appid=123,logid=340,reqid=234,token=eyJ0eXAiOiJKV1QiLCJhbGciOiJIUzI1NiJ9.eyJvcmdhbml6YXRpb25fbmFtZSI6IlRlc3QtT3JnYW5pemF0aW9uIiwibmFtZSI6InNha2FubyIsImVtYWlsIjoiZnVtaW5vcmkuc2FrYW5vQG5leHRyZW1lci5jb20iLCJleHBpcmVzIjoiMjAxNy0wOS0yOCAwNDoyOTo1MyBVVEMifQ.hgAkB7p46r40cFMnQhqU0jpiuJaRVnNxN0aLuLU5LLw,
2017-09-28 12:01:37.870 [ERROR] SQLSTATE[42S02]: Base table or view not found: 1146 Table 'heroku_33f0d4b8f52b13d.xxxx' doesn't exist
2017-09-28 12:04:09.574 [DEBUG] <USER PARAM> datetime=2017/09 3,pagetype=next,appid=123,logid=340,reqid=234,token=eyJ0eXAiOiJKV1QiLCJhbGciOiJIUzI1NiJ9.eyJvcmdhbml6YXRpb25fbmFtZSI6IlRlc3QtT3JnYW5pemF0aW9uIiwibmFtZSI6InNha2FubyIsImVtYWlsIjoiZnVtaW5vcmkuc2FrYW5vQG5leHRyZW1lci5jb20iLCJleHBpcmVzIjoiMjAxNy0wOS0yOCAwNDoyOTo1MyBVVEMifQ.hgAkB7p46r40cFMnQhqU0jpiuJaRVnNxN0aLuLU5LLw,
2017-09-28 12:11:43.135 [DEBUG] <USER PARAM> datetime=2017/09 3,pagetype=next,appid=123,logid=340,reqid=234,token=eyJ0eXAiOiJKV1QiLCJhbGciOiJIUzI1NiJ9.eyJvcmdhbml6YXRpb25fbmFtZSI6IlRlc3QtT3JnYW5pemF0aW9uIiwibmFtZSI6InNha2FubyIsImVtYWlsIjoiZnVtaW5vcmkuc2FrYW5vQG5leHRyZW1lci5jb20iLCJleHBpcmVzIjoiMjAxNy0wOS0yOCAwNDoyOTo1MyBVVEMifQ.hgAkB7p46r40cFMnQhqU0jpiuJaRVnNxN0aLuLU5LLw,
2017-09-28 12:11:46.227 [ERROR] SQLSTATE[42S02]: Base table or view not found: 1146 Table 'heroku_33f0d4b8f52b13d.logsa' doesn't exist
2017-09-28 12:22:19.408 [DEBUG] <USER PARAM> datetime=2017/09 3,pagetype=next,appid=123,logid=340,reqid=234,token=eyJ0eXAiOiJKV1QiLCJhbGciOiJIUzI1NiJ9.eyJvcmdhbml6YXRpb25fbmFtZSI6IlRlc3QtT3JnYW5pemF0aW9uIiwibmFtZSI6InNha2FubyIsImVtYWlsIjoiZnVtaW5vcmkuc2FrYW5vQG5leHRyZW1lci5jb20iLCJleHBpcmVzIjoiMjAxNy0wOS0yOCAwNDoyOTo1MyBVVEMifQ.hgAkB7p46r40cFMnQhqU0jpiuJaRVnNxN0aLuLU5LLw,
2017-09-28 12:30:50.742 [DEBUG] <USER PARAM> datetime=2017/09 3,pagetype=next,appid=123,logid=340,reqid=234,token=eyJ0eXAiOiJKV1QiLCJhbGciOiJIUzI1NiJ9.eyJvcmdhbml6YXRpb25fbmFtZSI6IlRlc3QtT3JnYW5pemF0aW9uIiwibmFtZSI6InNha2FubyIsImVtYWlsIjoiZnVtaW5vcmkuc2FrYW5vQG5leHRyZW1lci5jb20iLCJleHBpcmVzIjoiMjAxNy0wOS0yOCAwNDoyOTo1MyBVVEMifQ.hgAkB7p46r40cFMnQhqU0jpiuJaRVnNxN0aLuLU5LLw,
2017-09-28 12:35:52.185 [DEBUG] <USER PARAM> datetime=2017/09 3,pagetype=next,appid=123,logid=340,reqid=234,token=eyJ0eXAiOiJKV1QiLCJhbGciOiJIUzI1NiJ9.eyJvcmdhbml6YXRpb25fbmFtZSI6IlRlc3QtT3JnYW5pemF0aW9uIiwibmFtZSI6InNha2FubyIsImVtYWlsIjoiZnVtaW5vcmkuc2FrYW5vQG5leHRyZW1lci5jb20iLCJleHBpcmVzIjoiMjAxNy0wOS0yOCAwNDoyOTo1MyBVVEMifQ.hgAkB7p46r40cFMnQhqU0jpiuJaRVnNxN0aLuLU5LLw,
2017-09-28 12:37:04.546 [DEBUG] <USER PARAM> appid=87873f2e-38d2-42bf-8df5-3d7965562b4b,token=eyJ0eXAiOiJKV1QiLCJhbGciOiJIUzI1NiJ9.eyJvcmdhbml6YXRpb25fbmFtZSI6IlRlc3QtT3JnYW5pemF0aW9uIiwibmFtZSI6InNha2FubyIsImVtYWlsIjoiZnVtaW5vcmkuc2FrYW5vQG5leHRyZW1lci5jb20iLCJleHBpcmVzIjoiMjAxNy0wOS0yOCAwNDoyOTo1MyBVVEMifQ.hgAkB7p46r40cFMnQhqU0jpiuJaRVnNxN0aLuLU5LLw,
2017-09-28 12:37:56.618 [DEBUG] <USER PARAM> appid=87873f2e-38d2-42bf-8df5-3d7965562b4b,token=eyJ0eXAiOiJKV1QiLCJhbGciOiJIUzI1NiJ9.eyJvcmdhbml6YXRpb25fbmFtZSI6IlRlc3QtT3JnYW5pemF0aW9uIiwibmFtZSI6InNha2FubyIsImVtYWlsIjoiZnVtaW5vcmkuc2FrYW5vQG5leHRyZW1lci5jb20iLCJleHBpcmVzIjoiMjAxNy0wOS0yOCAwNDoyOTo1MyBVVEMifQ.hgAkB7p46r40cFMnQhqU0jpiuJaRVnNxN0aLuLU5LLw,
2017-09-28 12:38:58.450 [DEBUG] <USER PARAM> datetime=20170802,appid=87873f2e-38d2-42bf-8df5-3d7965562b4b,token=eyJ0eXAiOiJKV1QiLCJhbGciOiJIUzI1NiJ9.eyJvcmdhbml6YXRpb25fbmFtZSI6IlRlc3QtT3JnYW5pemF0aW9uIiwibmFtZSI6InNha2FubyIsImVtYWlsIjoiZnVtaW5vcmkuc2FrYW5vQG5leHRyZW1lci5jb20iLCJleHBpcmVzIjoiMjAxNy0wOS0yOCAwNDoyOTo1MyBVVEMifQ.hgAkB7p46r40cFMnQhqU0jpiuJaRVnNxN0aLuLU5LLw,
2017-09-28 12:39:01.342 [WARN ] [パラメータ値が不正です] 日時, datetime=20170802
2017-09-28 12:39:17.318 [DEBUG] <USER PARAM> datetime=2017/08/02,appid=87873f2e-38d2-42bf-8df5-3d7965562b4b,token=eyJ0eXAiOiJKV1QiLCJhbGciOiJIUzI1NiJ9.eyJvcmdhbml6YXRpb25fbmFtZSI6IlRlc3QtT3JnYW5pemF0aW9uIiwibmFtZSI6InNha2FubyIsImVtYWlsIjoiZnVtaW5vcmkuc2FrYW5vQG5leHRyZW1lci5jb20iLCJleHBpcmVzIjoiMjAxNy0wOS0yOCAwNDoyOTo1MyBVVEMifQ.hgAkB7p46r40cFMnQhqU0jpiuJaRVnNxN0aLuLU5LLw,
2017-09-28 12:57:53.658 [DEBUG] <USER PARAM> datetime=2017/08/02,appid=87873f2e-38d2-42bf-8df5-3d7965562b4b,token=eyJ0eXAiOiJKV1QiLCJhbGciOiJIUzI1NiJ9.eyJvcmdhbml6YXRpb25fbmFtZSI6IlRlc3QtT3JnYW5pemF0aW9uIiwibmFtZSI6InNha2FubyIsImVtYWlsIjoiZnVtaW5vcmkuc2FrYW5vQG5leHRyZW1lci5jb20iLCJleHBpcmVzIjoiMjAxNy0wOS0yOCAwNDoyOTo1MyBVVEMifQ.hgAkB7p46r40cFMnQhqU0jpiuJaRVnNxN0aLuLU5LLw,
2017-09-28 12:59:15.984 [DEBUG] <USER PARAM> datetime=2017/08/02,appid=87873f2e-38d2-42bf-8df5-3d7965562b4b,token=eyJ0eXAiOiJKV1QiLCJhbGciOiJIUzI1NiJ9.eyJvcmdhbml6YXRpb25fbmFtZSI6IlRlc3QtT3JnYW5pemF0aW9uIiwibmFtZSI6InNha2FubyIsImVtYWlsIjoiZnVtaW5vcmkuc2FrYW5vQG5leHRyZW1lci5jb20iLCJleHBpcmVzIjoiMjAxNy0wOS0yOCAwNDoyOTo1MyBVVEMifQ.hgAkB7p46r40cFMnQhqU0jpiuJaRVnNxN0aLuLU5LLw,
2017-09-28 13:12:01.204 [DEBUG] <USER PARAM> datetime=2017/08/02,appid=87873f2e-38d2-42bf-8df5-3d7965562b4b,token=eyJ0eXAiOiJKV1QiLCJhbGciOiJIUzI1NiJ9.eyJvcmdhbml6YXRpb25fbmFtZSI6IlRlc3QtT3JnYW5pemF0aW9uIiwibmFtZSI6InNha2FubyIsImVtYWlsIjoiZnVtaW5vcmkuc2FrYW5vQG5leHRyZW1lci5jb20iLCJleHBpcmVzIjoiMjAxNy0wOS0yOCAwNDoyOTo1MyBVVEMifQ.hgAkB7p46r40cFMnQhqU0jpiuJaRVnNxN0aLuLU5LLw,
2017-09-28 13:12:54.964 [DEBUG] <USER PARAM> total=3,datetime=2017/08/02,appid=87873f2e-38d2-42bf-8df5-3d7965562b4b,token=eyJ0eXAiOiJKV1QiLCJhbGciOiJIUzI1NiJ9.eyJvcmdhbml6YXRpb25fbmFtZSI6IlRlc3QtT3JnYW5pemF0aW9uIiwibmFtZSI6InNha2FubyIsImVtYWlsIjoiZnVtaW5vcmkuc2FrYW5vQG5leHRyZW1lci5jb20iLCJleHBpcmVzIjoiMjAxNy0wOS0yOCAwNDoyOTo1MyBVVEMifQ.hgAkB7p46r40cFMnQhqU0jpiuJaRVnNxN0aLuLU5LLw,
2017-09-28 13:14:07.833 [DEBUG] <USER PARAM> total=3,datetime=2017/08/02,appid=87873f2e-38d2-42bf-8df5-3d7965562b4b,token=eyJ0eXAiOiJKV1QiLCJhbGciOiJIUzI1NiJ9.eyJvcmdhbml6YXRpb25fbmFtZSI6IlRlc3QtT3JnYW5pemF0aW9uIiwibmFtZSI6InNha2FubyIsImVtYWlsIjoiZnVtaW5vcmkuc2FrYW5vQG5leHRyZW1lci5jb20iLCJleHBpcmVzIjoiMjAxNy0wOS0yOCAwNDoyOTo1MyBVVEMifQ.hgAkB7p46r40cFMnQhqU0jpiuJaRVnNxN0aLuLU5LLw,
2017-09-28 13:14:09.780 [ERROR] SQLSTATE[42000]: Syntax error or access violation: 1064 You have an error in your SQL syntax; check the manual that corresponds to your MySQL server version for the right syntax to use near 'ORDER BY `request_id` ASC, `id` ASC' at line 1
2017-09-28 13:15:38.286 [DEBUG] <USER PARAM> total=3,datetime=2017/08/02,appid=87873f2e-38d2-42bf-8df5-3d7965562b4b,token=eyJ0eXAiOiJKV1QiLCJhbGciOiJIUzI1NiJ9.eyJvcmdhbml6YXRpb25fbmFtZSI6IlRlc3QtT3JnYW5pemF0aW9uIiwibmFtZSI6InNha2FubyIsImVtYWlsIjoiZnVtaW5vcmkuc2FrYW5vQG5leHRyZW1lci5jb20iLCJleHBpcmVzIjoiMjAxNy0wOS0yOCAwNDoyOTo1MyBVVEMifQ.hgAkB7p46r40cFMnQhqU0jpiuJaRVnNxN0aLuLU5LLw,
2017-09-28 13:17:17.828 [DEBUG] <USER PARAM> logid=21,reqid=abcd1234,total=3,datetime=2017/08/02,appid=87873f2e-38d2-42bf-8df5-3d7965562b4b,token=eyJ0eXAiOiJKV1QiLCJhbGciOiJIUzI1NiJ9.eyJvcmdhbml6YXRpb25fbmFtZSI6IlRlc3QtT3JnYW5pemF0aW9uIiwibmFtZSI6InNha2FubyIsImVtYWlsIjoiZnVtaW5vcmkuc2FrYW5vQG5leHRyZW1lci5jb20iLCJleHBpcmVzIjoiMjAxNy0wOS0yOCAwNDoyOTo1MyBVVEMifQ.hgAkB7p46r40cFMnQhqU0jpiuJaRVnNxN0aLuLU5LLw,
2017-09-28 13:17:19.936 [WARN ] [パラメータ値が不正です] ログIDかリクエストIDがありません : logid=21, reqid=0
2017-09-28 13:18:35.893 [DEBUG] <USER PARAM> logid=21,reqid=abcd1234,total=3,datetime=2017/08/02,appid=87873f2e-38d2-42bf-8df5-3d7965562b4b,token=eyJ0eXAiOiJKV1QiLCJhbGciOiJIUzI1NiJ9.eyJvcmdhbml6YXRpb25fbmFtZSI6IlRlc3QtT3JnYW5pemF0aW9uIiwibmFtZSI6InNha2FubyIsImVtYWlsIjoiZnVtaW5vcmkuc2FrYW5vQG5leHRyZW1lci5jb20iLCJleHBpcmVzIjoiMjAxNy0wOS0yOCAwNDoyOTo1MyBVVEMifQ.hgAkB7p46r40cFMnQhqU0jpiuJaRVnNxN0aLuLU5LLw,
2017-09-28 13:19:08.206 [DEBUG] <USER PARAM> logid=51,reqid=abcd1234,total=3,datetime=2017/08/02,appid=87873f2e-38d2-42bf-8df5-3d7965562b4b,token=eyJ0eXAiOiJKV1QiLCJhbGciOiJIUzI1NiJ9.eyJvcmdhbml6YXRpb25fbmFtZSI6IlRlc3QtT3JnYW5pemF0aW9uIiwibmFtZSI6InNha2FubyIsImVtYWlsIjoiZnVtaW5vcmkuc2FrYW5vQG5leHRyZW1lci5jb20iLCJleHBpcmVzIjoiMjAxNy0wOS0yOCAwNDoyOTo1MyBVVEMifQ.hgAkB7p46r40cFMnQhqU0jpiuJaRVnNxN0aLuLU5LLw,
2017-09-28 13:37:50.408 [DEBUG] <USER PARAM> logid=51,reqid=abcd1234,total=3,datetime=2017/08/02,appid=87873f2e-38d2-42bf-8df5-3d7965562b4b,token=eyJ0eXAiOiJKV1QiLCJhbGciOiJIUzI1NiJ9.eyJvcmdhbml6YXRpb25fbmFtZSI6IlRlc3QtT3JnYW5pemF0aW9uIiwibmFtZSI6InNha2FubyIsImVtYWlsIjoiZnVtaW5vcmkuc2FrYW5vQG5leHRyZW1lci5jb20iLCJleHBpcmVzIjoiMjAxNy0wOS0yOCAwNDoyOTo1MyBVVEMifQ.hgAkB7p46r40cFMnQhqU0jpiuJaRVnNxN0aLuLU5LLw,
2017-09-28 13:37:52.335 [WARN ] [パラメータ値が不正です] [トークンが不正です] 401 - {"error":"Your token has expired!"}, token=eyJ0eXAiOiJKV1QiLCJhbGciOiJIUzI1NiJ9.eyJvcmdhbml6YXRpb25fbmFtZSI6IlRlc3QtT3JnYW5pemF0aW9uIiwibmFtZSI6InNha2FubyIsImVtYWlsIjoiZnVtaW5vcmkuc2FrYW5vQG5leHRyZW1lci5jb20iLCJleHBpcmVzIjoiMjAxNy0wOS0yOCAwNDoyOTo1MyBVVEMifQ.hgAkB7p46r40cFMnQhqU0jpiuJaRVnNxN0aLuLU5LLw
2017-09-28 13:37:55.658 [DEBUG] <USER PARAM> logid=51,reqid=abcd1234,total=3,datetime=2017/08/02,appid=87873f2e-38d2-42bf-8df5-3d7965562b4b,token=eyJ0eXAiOiJKV1QiLCJhbGciOiJIUzI1NiJ9.eyJvcmdhbml6YXRpb25fbmFtZSI6IlRlc3QtT3JnYW5pemF0aW9uIiwibmFtZSI6InNha2FubyIsImVtYWlsIjoiZnVtaW5vcmkuc2FrYW5vQG5leHRyZW1lci5jb20iLCJleHBpcmVzIjoiMjAxNy0wOS0yOCAwNDoyOTo1MyBVVEMifQ.hgAkB7p46r40cFMnQhqU0jpiuJaRVnNxN0aLuLU5LLw,
2017-09-28 13:37:55.729 [WARN ] [パラメータ値が不正です] [トークンが不正です] 401 - {"error":"Your token has expired!"}, token=eyJ0eXAiOiJKV1QiLCJhbGciOiJIUzI1NiJ9.eyJvcmdhbml6YXRpb25fbmFtZSI6IlRlc3QtT3JnYW5pemF0aW9uIiwibmFtZSI6InNha2FubyIsImVtYWlsIjoiZnVtaW5vcmkuc2FrYW5vQG5leHRyZW1lci5jb20iLCJleHBpcmVzIjoiMjAxNy0wOS0yOCAwNDoyOTo1MyBVVEMifQ.hgAkB7p46r40cFMnQhqU0jpiuJaRVnNxN0aLuLU5LLw
2017-09-28 13:38:48.361 [DEBUG] <USER PARAM> logid=51,reqid=abcd1234,total=3,datetime=2017/08/02,appid=87873f2e-38d2-42bf-8df5-3d7965562b4b,token=eyJ0eXAiOiJKV1QiLCJhbGciOiJIUzI1NiJ9.eyJvcmdhbml6YXRpb25fbmFtZSI6IlRlc3QtT3JnYW5pemF0aW9uIiwibmFtZSI6InNha2FubyIsImVtYWlsIjoiZnVtaW5vcmkuc2FrYW5vQG5leHRyZW1lci5jb20iLCJleHBpcmVzIjoiMjAxNy0wOS0yOSAwNDozODoyNSBVVEMifQ.VnP6_sN9cIaCr151QMxbDmRRqPYlFi6wHYknho7bGos,
2017-09-28 14:43:06.284 [DEBUG] <USER PARAM> logid=51,reqid=abcd1234,total=3,datetime=2017/08/02,appid=87873f2e-38d2-42bf-8df5-3d7965562b4b,token=eyJ0eXAiOiJKV1QiLCJhbGciOiJIUzI1NiJ9.eyJvcmdhbml6YXRpb25fbmFtZSI6IlRlc3QtT3JnYW5pemF0aW9uIiwibmFtZSI6InNha2FubyIsImVtYWlsIjoiZnVtaW5vcmkuc2FrYW5vQG5leHRyZW1lci5jb20iLCJleHBpcmVzIjoiMjAxNy0wOS0yOSAwNDozODoyNSBVVEMifQ.VnP6_sN9cIaCr151QMxbDmRRqPYlFi6wHYknho7bGos,
2017-09-28 14:43:12.723 [DEBUG] <USER PARAM> logid=51,reqid=abcd1234,total=3,datetime=2017/08/02,appid=87873f2e-38d2-42bf-8df5-3d7965562b4b,token=eyJ0eXAiOiJKV1QiLCJhbGciOiJIUzI1NiJ9.eyJvcmdhbml6YXRpb25fbmFtZSI6IlRlc3QtT3JnYW5pemF0aW9uIiwibmFtZSI6InNha2FubyIsImVtYWlsIjoiZnVtaW5vcmkuc2FrYW5vQG5leHRyZW1lci5jb20iLCJleHBpcmVzIjoiMjAxNy0wOS0yOSAwNDozODoyNSBVVEMifQ.VnP6_sN9cIaCr151QMxbDmRRqPYlFi6wHYknho7bGos,
2017-09-28 14:45:50.492 [WARN ] [パラメータ値が不正です] ログIDかリクエストIDがありません : logid=51, reqid=
2017-09-28 17:56:20.149 [WARN ] [パラメータ値が不正です] トークン, token=
2017-09-28 17:57:27.994 [WARN ] [パラメータ値が不正です] トークン, token=
2017-09-28 18:19:26.131 [WARN ] [パラメータ値が不正です] トークン, token=
2017-09-28 18:21:12.591 [DEBUG] <USER PARAM> appid=87873f2e-38d2-42bf-8df5-3d7965562b4b,datetime=,logid=,pagetype=next,reqid=,token=eyJ0eXAiOiJKV1QiLCJhbGciOiJIUzI1NiJ9.eyJvcmdhbml6YXRpb25fbmFtZSI6IlRlc3QtT3JnYW5pemF0aW9uIiwibmFtZSI6InNha2FubyIsImVtYWlsIjoiZnVtaW5vcmkuc2FrYW5vQG5leHRyZW1lci5jb20iLCJleHBpcmVzIjoiMjAxNy0wOS0yOSAwOToyMTowMCBVVEMifQ.OoufvZQyLIXvJGW12hJB5q1fhWcJouGQL8bx3Wg0caI,total=250,
2017-09-28 18:22:58.519 [DEBUG] <USER PARAM> appid=87873f2e-38d2-42bf-8df5-3d7965562b4b,datetime=,logid=,pagetype=next,reqid=,token=eyJ0eXAiOiJKV1QiLCJhbGciOiJIUzI1NiJ9.eyJvcmdhbml6YXRpb25fbmFtZSI6IlRlc3QtT3JnYW5pemF0aW9uIiwibmFtZSI6InNha2FubyIsImVtYWlsIjoiZnVtaW5vcmkuc2FrYW5vQG5leHRyZW1lci5jb20iLCJleHBpcmVzIjoiMjAxNy0wOS0yOSAwOToyMTowMCBVVEMifQ.OoufvZQyLIXvJGW12hJB5q1fhWcJouGQL8bx3Wg0caI,total=250,
2017-09-28 18:24:40.774 [DEBUG] <USER PARAM> appid=87873f2e-38d2-42bf-8df5-3d7965562b4b,datetime=,logid=,pagetype=next,reqid=,token=eyJ0eXAiOiJKV1QiLCJhbGciOiJIUzI1NiJ9.eyJvcmdhbml6YXRpb25fbmFtZSI6IlRlc3QtT3JnYW5pemF0aW9uIiwibmFtZSI6InNha2FubyIsImVtYWlsIjoiZnVtaW5vcmkuc2FrYW5vQG5leHRyZW1lci5jb20iLCJleHBpcmVzIjoiMjAxNy0wOS0yOSAwOToyMTowMCBVVEMifQ.OoufvZQyLIXvJGW12hJB5q1fhWcJouGQL8bx3Wg0caI,total=250,
2017-09-28 18:27:25.081 [DEBUG] <USER PARAM> appid=87873f2e-38d2-42bf-8df5-3d7965562b4b,datetime=,logid=,pagetype=next,reqid=,token=eyJ0eXAiOiJKV1QiLCJhbGciOiJIUzI1NiJ9.eyJvcmdhbml6YXRpb25fbmFtZSI6IlRlc3QtT3JnYW5pemF0aW9uIiwibmFtZSI6InNha2FubyIsImVtYWlsIjoiZnVtaW5vcmkuc2FrYW5vQG5leHRyZW1lci5jb20iLCJleHBpcmVzIjoiMjAxNy0wOS0yOSAwOToyMTowMCBVVEMifQ.OoufvZQyLIXvJGW12hJB5q1fhWcJouGQL8bx3Wg0caI,total=250,
2017-09-28 18:27:41.995 [DEBUG] <USER PARAM> appid=87873f2e-38d2-42bf-8df5-3d7965562b4b,datetime=,logid=,pagetype=next,reqid=,token=eyJ0eXAiOiJKV1QiLCJhbGciOiJIUzI1NiJ9.eyJvcmdhbml6YXRpb25fbmFtZSI6IlRlc3QtT3JnYW5pemF0aW9uIiwibmFtZSI6InNha2FubyIsImVtYWlsIjoiZnVtaW5vcmkuc2FrYW5vQG5leHRyZW1lci5jb20iLCJleHBpcmVzIjoiMjAxNy0wOS0yOSAwOToyMTowMCBVVEMifQ.OoufvZQyLIXvJGW12hJB5q1fhWcJouGQL8bx3Wg0caI,total=250,
2017-09-28 18:28:23.014 [DEBUG] <USER PARAM> appid=87873f2e-38d2-42bf-8df5-3d7965562b4b,datetime=,logid=,pagetype=next,reqid=,token=eyJ0eXAiOiJKV1QiLCJhbGciOiJIUzI1NiJ9.eyJvcmdhbml6YXRpb25fbmFtZSI6IlRlc3QtT3JnYW5pemF0aW9uIiwibmFtZSI6InNha2FubyIsImVtYWlsIjoiZnVtaW5vcmkuc2FrYW5vQG5leHRyZW1lci5jb20iLCJleHBpcmVzIjoiMjAxNy0wOS0yOSAwOToyMTowMCBVVEMifQ.OoufvZQyLIXvJGW12hJB5q1fhWcJouGQL8bx3Wg0caI,total=250,
2017-09-28 18:40:34.428 [DEBUG] <USER PARAM> appid=3c0fcc20-acd9-401b-b183-e918d978950c,datetime=,logid=,pagetype=next,reqid=,token=eyJ0eXAiOiJKV1QiLCJhbGciOiJIUzI1NiJ9.eyJvcmdhbml6YXRpb25fbmFtZSI6Im1peWFqaSIsIm5hbWUiOiJtaXlhamkiLCJlbWFpbCI6ImtvaGVpLm1peWFqaUBuZXh0cmVtZXIuY29tIiwiZXhwaXJlcyI6IjIwMTctMDktMjkgMDk6NDA6MjMgVVRDIn0.Sx6gnhXz3ufppRFjQ3It-gFYZqR1-UXZ4dywfxDq5mQ,total=250,
2017-09-28 18:43:02.495 [DEBUG] <USER PARAM> appid=3c0fcc20-acd9-401b-b183-e918d978950c,datetime=,logid=,pagetype=next,reqid=,token=eyJ0eXAiOiJKV1QiLCJhbGciOiJIUzI1NiJ9.eyJvcmdhbml6YXRpb25fbmFtZSI6Im1peWFqaSIsIm5hbWUiOiJtaXlhamkiLCJlbWFpbCI6ImtvaGVpLm1peWFqaUBuZXh0cmVtZXIuY29tIiwiZXhwaXJlcyI6IjIwMTctMDktMjkgMDk6NDA6MjMgVVRDIn0.Sx6gnhXz3ufppRFjQ3It-gFYZqR1-UXZ4dywfxDq5mQ,total=250,
2017-09-28 18:43:27.783 [DEBUG] <USER PARAM> appid=3c0fcc20-acd9-401b-b183-e918d978950c,datetime=,logid=,pagetype=next,reqid=,token=eyJ0eXAiOiJKV1QiLCJhbGciOiJIUzI1NiJ9.eyJvcmdhbml6YXRpb25fbmFtZSI6Im1peWFqaSIsIm5hbWUiOiJtaXlhamkiLCJlbWFpbCI6ImtvaGVpLm1peWFqaUBuZXh0cmVtZXIuY29tIiwiZXhwaXJlcyI6IjIwMTctMDktMjkgMDk6NDA6MjMgVVRDIn0.Sx6gnhXz3ufppRFjQ3It-gFYZqR1-UXZ4dywfxDq5mQ,total=250,
2017-09-28 18:45:11.796 [DEBUG] <USER PARAM> appid=3c0fcc20-acd9-401b-b183-e918d978950c,datetime=,logid=,pagetype=next,reqid=,token=eyJ0eXAiOiJKV1QiLCJhbGciOiJIUzI1NiJ9.eyJvcmdhbml6YXRpb25fbmFtZSI6Im1peWFqaSIsIm5hbWUiOiJtaXlhamkiLCJlbWFpbCI6ImtvaGVpLm1peWFqaUBuZXh0cmVtZXIuY29tIiwiZXhwaXJlcyI6IjIwMTctMDktMjkgMDk6NDA6MjMgVVRDIn0.Sx6gnhXz3ufppRFjQ3It-gFYZqR1-UXZ4dywfxDq5mQ,total=250,
2017-09-28 18:46:44.007 [DEBUG] <USER PARAM> appid=3c0fcc20-acd9-401b-b183-e918d978950c,datetime=,logid=,pagetype=next,reqid=,token=eyJ0eXAiOiJKV1QiLCJhbGciOiJIUzI1NiJ9.eyJvcmdhbml6YXRpb25fbmFtZSI6Im1peWFqaSIsIm5hbWUiOiJtaXlhamkiLCJlbWFpbCI6ImtvaGVpLm1peWFqaUBuZXh0cmVtZXIuY29tIiwiZXhwaXJlcyI6IjIwMTctMDktMjkgMDk6NDA6MjMgVVRDIn0.Sx6gnhXz3ufppRFjQ3It-gFYZqR1-UXZ4dywfxDq5mQ,total=250,
2017-09-28 18:48:21.050 [DEBUG] <USER PARAM> token=eyJ0eXAiOiJKV1QiLCJhbGciOiJIUzI1NiJ9.eyJvcmdhbml6YXRpb25fbmFtZSI6Im1peWFqaSIsIm5hbWUiOiJtaXlhamkiLCJlbWFpbCI6ImtvaGVpLm1peWFqaUBuZXh0cmVtZXIuY29tIiwiZXhwaXJlcyI6IjIwMTctMDktMjkgMDk6MDc6NDEgVVRDIn0.DAkTe-zicDVIzyDe43vimmrm9hbfW3hHDcnXut7HfPc,
2017-09-28 18:48:22.112 [WARN ] [パラメータ値が不正です] アプリケーションID, appid=
2017-09-28 19:06:09.608 [DEBUG] <USER PARAM> datetime=2017/08/02,pagetype=prev,total=3,appid=87873f2e-38d2-42bf-8df5-3d7965562b4b,token=eyJ0eXAiOiJKV1QiLCJhbGciOiJIUzI1NiJ9.eyJvcmdhbml6YXRpb25fbmFtZSI6Im1peWFqaSIsIm5hbWUiOiJtaXlhamkiLCJlbWFpbCI6ImtvaGVpLm1peWFqaUBuZXh0cmVtZXIuY29tIiwiZXhwaXJlcyI6IjIwMTctMDktMjkgMDk6MDc6NDEgVVRDIn0.DAkTe-zicDVIzyDe43vimmrm9hbfW3hHDcnXut7HfPc,
2017-09-28 19:06:11.504 [DEBUG] <USER PARAM> datetime=2017/08/02,pagetype=prev,total=3,appid=87873f2e-38d2-42bf-8df5-3d7965562b4b,token=eyJ0eXAiOiJKV1QiLCJhbGciOiJIUzI1NiJ9.eyJvcmdhbml6YXRpb25fbmFtZSI6Im1peWFqaSIsIm5hbWUiOiJtaXlhamkiLCJlbWFpbCI6ImtvaGVpLm1peWFqaUBuZXh0cmVtZXIuY29tIiwiZXhwaXJlcyI6IjIwMTctMDktMjkgMDk6MDc6NDEgVVRDIn0.DAkTe-zicDVIzyDe43vimmrm9hbfW3hHDcnXut7HfPc,
2017-09-28 19:06:16.458 [DEBUG] <USER PARAM> datetime=2017/08/02,pagetype=prev,total=3,appid=87873f2e-38d2-42bf-8df5-3d7965562b4b,token=eyJ0eXAiOiJKV1QiLCJhbGciOiJIUzI1NiJ9.eyJvcmdhbml6YXRpb25fbmFtZSI6Im1peWFqaSIsIm5hbWUiOiJtaXlhamkiLCJlbWFpbCI6ImtvaGVpLm1peWFqaUBuZXh0cmVtZXIuY29tIiwiZXhwaXJlcyI6IjIwMTctMDktMjkgMDk6MDc6NDEgVVRDIn0.DAkTe-zicDVIzyDe43vimmrm9hbfW3hHDcnXut7HfPc,
2017-09-28 19:06:33.985 [DEBUG] <USER PARAM> datetime=2017/08/02,pagetype=prev,total=3,appid=87873f2e-38d2-42bf-8df5-3d7965562b4b,token=eyJ0eXAiOiJKV1QiLCJhbGciOiJIUzI1NiJ9.eyJvcmdhbml6YXRpb25fbmFtZSI6Im1peWFqaSIsIm5hbWUiOiJtaXlhamkiLCJlbWFpbCI6ImtvaGVpLm1peWFqaUBuZXh0cmVtZXIuY29tIiwiZXhwaXJlcyI6IjIwMTctMDktMjkgMDk6MDc6NDEgVVRDIn0.DAkTe-zicDVIzyDe43vimmrm9hbfW3hHDcnXut7HfPc,
2017-09-28 19:10:48.785 [DEBUG] <USER PARAM> datetime=2017/08/02,pagetype=prev,total=3,appid=87873f2e-38d2-42bf-8df5-3d7965562b4b,token=eyJ0eXAiOiJKV1QiLCJhbGciOiJIUzI1NiJ9.eyJvcmdhbml6YXRpb25fbmFtZSI6Im1peWFqaSIsIm5hbWUiOiJtaXlhamkiLCJlbWFpbCI6ImtvaGVpLm1peWFqaUBuZXh0cmVtZXIuY29tIiwiZXhwaXJlcyI6IjIwMTctMDktMjkgMDk6MDc6NDEgVVRDIn0.DAkTe-zicDVIzyDe43vimmrm9hbfW3hHDcnXut7HfPc,
2017-09-28 19:11:10.344 [DEBUG] <USER PARAM> datetime=2017/08/02,pagetype=prev,total=3,appid=87873f2e-38d2-42bf-8df5-3d7965562b4b,token=eyJ0eXAiOiJKV1QiLCJhbGciOiJIUzI1NiJ9.eyJvcmdhbml6YXRpb25fbmFtZSI6Im1peWFqaSIsIm5hbWUiOiJtaXlhamkiLCJlbWFpbCI6ImtvaGVpLm1peWFqaUBuZXh0cmVtZXIuY29tIiwiZXhwaXJlcyI6IjIwMTctMDktMjkgMDk6MDc6NDEgVVRDIn0.DAkTe-zicDVIzyDe43vimmrm9hbfW3hHDcnXut7HfPc,
2017-09-28 19:32:36.612 [WARN ] [パラメータ値が不正です] ログIDがありません
2017-09-28 19:32:58.660 [DEBUG] <USER PARAM> logid=123,
2017-09-28 19:35:51.709 [DEBUG] <USER PARAM> logid=123,
2017-09-28 19:35:51.711 [WARN ] [パラメータ値が不正です] トークン, token=
2017-09-28 19:36:38.149 [DEBUG] <USER PARAM> logid=123,token=eyJ0eXAiOiJKV1QiLCJhbGciOiJIUzI1NiJ9.eyJvcmdhbml6YXRpb25fbmFtZSI6Im1peWFqaSIsIm5hbWUiOiJtaXlhamkiLCJlbWFpbCI6ImtvaGVpLm1peWFqaUBuZXh0cmVtZXIuY29tIiwiZXhwaXJlcyI6IjIwMTctMDktMjkgMDk6MDc6NDEgVVRDIn0.DAkTe-zicDVIzyDe43vimmrm9hbfW3hHDcnXut7HfPc,
2017-09-28 19:36:52.562 [DEBUG] <USER PARAM> logid=123,token=eyJ0eXAiOiJKV1QiLCJhbGciOiJIUzI1NiJ9.eyJvcmdhbml6YXRpb25fbmFtZSI6Im1peWFqaSIsIm5hbWUiOiJtaXlhamkiLCJlbWFpbCI6ImtvaGVpLm1peWFqaUBuZXh0cmVtZXIuY29tIiwiZXhwaXJlcyI6IjIwMTctMDktMjkgMDk6MDc6NDEgVVRDIn0.DAkTe-zicDVIzyDe43vimmrm9hbfW3hHDcnXut7HfP,
2017-09-28 19:36:52.828 [WARN ] [パラメータ値が不正です] [トークンが不正です] Internal Server Error, token=eyJ0eXAiOiJKV1QiLCJhbGciOiJIUzI1NiJ9.eyJvcmdhbml6YXRpb25fbmFtZSI6Im1peWFqaSIsIm5hbWUiOiJtaXlhamkiLCJlbWFpbCI6ImtvaGVpLm1peWFqaUBuZXh0cmVtZXIuY29tIiwiZXhwaXJlcyI6IjIwMTctMDktMjkgMDk6MDc6NDEgVVRDIn0.DAkTe-zicDVIzyDe43vimmrm9hbfW3hHDcnXut7HfP
2017-09-28 19:37:01.659 [DEBUG] <USER PARAM> logid=123,token=eyJ0eXAiOiJKV1QiLCJhbGciOiJIUzI1NiJ9.eyJvcmdhbml6YXRpb25fbmFtZSI6Im1peWFqaSIsIm5hbWUiOiJtaXlhamkiLCJlbWFpbCI6ImtvaGVpLm1peWFqaUBuZXh0cmVtZXIuY29tIiwiZXhwaXJlcyI6IjIwMTctMDktMjkgMDk6MDc6NDEgVVRDIn0.DAkTe-zicDVIzyDe43vimmrm9hbfW3hHDcnXut7HfPc,
2017-09-28 19:37:09.492 [DEBUG] <USER PARAM> token=eyJ0eXAiOiJKV1QiLCJhbGciOiJIUzI1NiJ9.eyJvcmdhbml6YXRpb25fbmFtZSI6Im1peWFqaSIsIm5hbWUiOiJtaXlhamkiLCJlbWFpbCI6ImtvaGVpLm1peWFqaUBuZXh0cmVtZXIuY29tIiwiZXhwaXJlcyI6IjIwMTctMDktMjkgMDk6MDc6NDEgVVRDIn0.DAkTe-zicDVIzyDe43vimmrm9hbfW3hHDcnXut7HfPc,
2017-09-28 19:37:10.052 [WARN ] [パラメータ値が不正です] アプリケーションID, appid=
2017-09-28 19:37:21.130 [DEBUG] <USER PARAM> logid=1,token=eyJ0eXAiOiJKV1QiLCJhbGciOiJIUzI1NiJ9.eyJvcmdhbml6YXRpb25fbmFtZSI6Im1peWFqaSIsIm5hbWUiOiJtaXlhamkiLCJlbWFpbCI6ImtvaGVpLm1peWFqaUBuZXh0cmVtZXIuY29tIiwiZXhwaXJlcyI6IjIwMTctMDktMjkgMDk6MDc6NDEgVVRDIn0.DAkTe-zicDVIzyDe43vimmrm9hbfW3hHDcnXut7HfPc,
2017-09-28 19:37:25.990 [DEBUG] <USER PARAM> token=eyJ0eXAiOiJKV1QiLCJhbGciOiJIUzI1NiJ9.eyJvcmdhbml6YXRpb25fbmFtZSI6Im1peWFqaSIsIm5hbWUiOiJtaXlhamkiLCJlbWFpbCI6ImtvaGVpLm1peWFqaUBuZXh0cmVtZXIuY29tIiwiZXhwaXJlcyI6IjIwMTctMDktMjkgMDk6MDc6NDEgVVRDIn0.DAkTe-zicDVIzyDe43vimmrm9hbfW3hHDcnXut7HfPc,
2017-09-28 19:37:26.230 [WARN ] [パラメータ値が不正です] アプリケーションID, appid=
2017-09-28 19:37:57.224 [DEBUG] <USER PARAM> token=eyJ0eXAiOiJKV1QiLCJhbGciOiJIUzI1NiJ9.eyJvcmdhbml6YXRpb25fbmFtZSI6Im1peWFqaSIsIm5hbWUiOiJtaXlhamkiLCJlbWFpbCI6ImtvaGVpLm1peWFqaUBuZXh0cmVtZXIuY29tIiwiZXhwaXJlcyI6IjIwMTctMDktMjkgMDk6MDc6NDEgVVRDIn0.DAkTe-zicDVIzyDe43vimmrm9hbfW3hHDcnXut7HfPc,
2017-09-28 19:37:59.510 [WARN ] [パラメータ値が不正です] アプリケーションID, appid=
2017-09-28 19:38:02.373 [DEBUG] <USER PARAM> datetime=2017/08/02,pagetype=prev,total=3,appid=87873f2e-38d2-42bf-8df5-3d7965562b4b,token=eyJ0eXAiOiJKV1QiLCJhbGciOiJIUzI1NiJ9.eyJvcmdhbml6YXRpb25fbmFtZSI6Im1peWFqaSIsIm5hbWUiOiJtaXlhamkiLCJlbWFpbCI6ImtvaGVpLm1peWFqaUBuZXh0cmVtZXIuY29tIiwiZXhwaXJlcyI6IjIwMTctMDktMjkgMDk6MDc6NDEgVVRDIn0.DAkTe-zicDVIzyDe43vimmrm9hbfW3hHDcnXut7HfPc,
2017-09-28 19:38:13.972 [DEBUG] <USER PARAM> datetime=2017/08/02,pagetype=prev,total=3,appid=87873f2e-38d2-42bf-8df5-3d7965562b4b,token=eyJ0eXAiOiJKV1QiLCJhbGciOiJIUzI1NiJ9.eyJvcmdhbml6YXRpb25fbmFtZSI6Im1peWFqaSIsIm5hbWUiOiJtaXlhamkiLCJlbWFpbCI6ImtvaGVpLm1peWFqaUBuZXh0cmVtZXIuY29tIiwiZXhwaXJlcyI6IjIwMTctMDktMjkgMDk6MDc6NDEgVVRDIn0.DAkTe-zicDVIzyDe43vimmrm9hbfW3hHDcnXut7HfPc,
2017-09-28 19:38:30.422 [DEBUG] <USER PARAM> datetime=2017/08/02,pagetype=prev,total=3,appid=87873f2e-38d2-42bf-8df5-3d7965562b4b,token=eyJ0eXAiOiJKV1QiLCJhbGciOiJIUzI1NiJ9.eyJvcmdhbml6YXRpb25fbmFtZSI6Im1peWFqaSIsIm5hbWUiOiJtaXlhamkiLCJlbWFpbCI6ImtvaGVpLm1peWFqaUBuZXh0cmVtZXIuY29tIiwiZXhwaXJlcyI6IjIwMTctMDktMjkgMDk6MDc6NDEgVVRDIn0.DAkTe-zicDVIzyDe43vimmrm9hbfW3hHDcnXut7HfPc,
2017-09-28 19:38:36.228 [DEBUG] <USER PARAM> token=eyJ0eXAiOiJKV1QiLCJhbGciOiJIUzI1NiJ9.eyJvcmdhbml6YXRpb25fbmFtZSI6Im1peWFqaSIsIm5hbWUiOiJtaXlhamkiLCJlbWFpbCI6ImtvaGVpLm1peWFqaUBuZXh0cmVtZXIuY29tIiwiZXhwaXJlcyI6IjIwMTctMDktMjkgMDk6MDc6NDEgVVRDIn0.DAkTe-zicDVIzyDe43vimmrm9hbfW3hHDcnXut7HfPc,
2017-09-28 19:38:36.682 [WARN ] [パラメータ値が不正です] アプリケーションID, appid=
2017-09-28 19:40:04.300 [DEBUG] <USER PARAM> appid=3c0fcc20-acd9-401b-b183-e918d978950c,datetime=,logid=,pagetype=next,reqid=,token=eyJ0eXAiOiJKV1QiLCJhbGciOiJIUzI1NiJ9.eyJvcmdhbml6YXRpb25fbmFtZSI6Im1peWFqaSIsIm5hbWUiOiJtaXlhamkiLCJlbWFpbCI6ImtvaGVpLm1peWFqaUBuZXh0cmVtZXIuY29tIiwiZXhwaXJlcyI6IjIwMTctMDktMjkgMDk6MzA6NDcgVVRDIn0.6enEgnCWln4M4wMnk7y3Wb0A_vAnxGVwCLFFRfC9QEc,total=250,
2017-09-28 19:40:17.078 [DEBUG] <USER PARAM> appid=3c0fcc20-acd9-401b-b183-e918d978950c,datetime=,logid=,pagetype=next,reqid=,token=eyJ0eXAiOiJKV1QiLCJhbGciOiJIUzI1NiJ9.eyJvcmdhbml6YXRpb25fbmFtZSI6Im1peWFqaSIsIm5hbWUiOiJtaXlhamkiLCJlbWFpbCI6ImtvaGVpLm1peWFqaUBuZXh0cmVtZXIuY29tIiwiZXhwaXJlcyI6IjIwMTctMDktMjkgMDk6MzA6NDcgVVRDIn0.6enEgnCWln4M4wMnk7y3Wb0A_vAnxGVwCLFFRfC9QEc,total=250,
2017-09-28 19:51:02.819 [DEBUG] <USER PARAM> logid=1,token=eyJ0eXAiOiJKV1QiLCJhbGciOiJIUzI1NiJ9.eyJvcmdhbml6YXRpb25fbmFtZSI6Im1peWFqaSIsIm5hbWUiOiJtaXlhamkiLCJlbWFpbCI6ImtvaGVpLm1peWFqaUBuZXh0cmVtZXIuY29tIiwiZXhwaXJlcyI6IjIwMTctMDktMjkgMDk6MDc6NDEgVVRDIn0.DAkTe-zicDVIzyDe43vimmrm9hbfW3hHDcnXut7HfPc,
2017-09-28 19:52:07.681 [DEBUG] <USER PARAM> appid=3c0fcc20-acd9-401b-b183-e918d978950c,datetime=,logid=,pagetype=next,reqid=,token=eyJ0eXAiOiJKV1QiLCJhbGciOiJIUzI1NiJ9.eyJvcmdhbml6YXRpb25fbmFtZSI6Im1peWFqaSIsIm5hbWUiOiJtaXlhamkiLCJlbWFpbCI6ImtvaGVpLm1peWFqaUBuZXh0cmVtZXIuY29tIiwiZXhwaXJlcyI6IjIwMTctMDktMjkgMDk6NDA6MjMgVVRDIn0.Sx6gnhXz3ufppRFjQ3It-gFYZqR1-UXZ4dywfxDq5mQ,total=250,
2017-09-28 19:52:20.477 [DEBUG] <USER PARAM> appid=3c0fcc20-acd9-401b-b183-e918d978950c,datetime=,logid=,pagetype=next,reqid=,token=eyJ0eXAiOiJKV1QiLCJhbGciOiJIUzI1NiJ9.eyJvcmdhbml6YXRpb25fbmFtZSI6Im1peWFqaSIsIm5hbWUiOiJtaXlhamkiLCJlbWFpbCI6ImtvaGVpLm1peWFqaUBuZXh0cmVtZXIuY29tIiwiZXhwaXJlcyI6IjIwMTctMDktMjkgMDk6NDA6MjMgVVRDIn0.Sx6gnhXz3ufppRFjQ3It-gFYZqR1-UXZ4dywfxDq5mQ,total=250,
2017-09-28 19:53:34.285 [DEBUG] <USER PARAM> datetime=2017/08/02,pagetype=prev,total=3,appid=87873f2e-38d2-42bf-8df5-3d7965562b4b,token=eyJ0eXAiOiJKV1QiLCJhbGciOiJIUzI1NiJ9.eyJvcmdhbml6YXRpb25fbmFtZSI6Im1peWFqaSIsIm5hbWUiOiJtaXlhamkiLCJlbWFpbCI6ImtvaGVpLm1peWFqaUBuZXh0cmVtZXIuY29tIiwiZXhwaXJlcyI6IjIwMTctMDktMjkgMDk6MDc6NDEgVVRDIn0.DAkTe-zicDVIzyDe43vimmrm9hbfW3hHDcnXut7HfPc,
